Avg_MHz
3
69
15
3
3
3
3
3
325
1679
1709
2095
2095
2095
2053
2095
2095
2094
2094
2095
861
1509
838
1926
2095
2005
930
1913
2095
1904
1504
1707
2024
1344
2094
2094
1515
1007
1763
1977
2095
2095
2095
2095
2095
2095
2095
2095
2095
2095
2095
2095
2095
2095
2095
2095
1885
2095
2095
2095
2095
2095
2095
2095
1845
2087
1817
2069
1917
1767
1761
1199
1610
2095
2095
2095
1849
1088
2095
2060
1120
1124
1500
2095
1869
1055
1246
1802
2095
1201
2016
1448
1979
2095
2095
2095
2084
1787
2095
1779
864
1166
1174
2095
1950
1691
2095
2095
2095
2095
2095
2095
2095
2095
2095
2095
2095
2095
2095
2095
2095
2083
1408
1898
635
1990
2095
1502
1976
2039
2040
1948
1659
1484
2095
2095
2087
1392
2095
2095
1923
1485
2095
2095
2095
2095
2095
2028
2095
2095
2095
1200
2007
1108
1702
1534
905
1915
1704
2079
2095
2095
2095
2095
2095
1684
986
1657
2095
2095
2095
2095
2095
2095
2095
2095
2095
2095
2095
2095
2095
2095
2095
2095
2095
2095
2095
2095
2095
1957
1309
2095
1635
1730
1829
1317
1220
1706
963
2034
1799
1185
836
2095
2006
1984
2095
2095
2095
2095
2095
1611
2095
2037
2095
2095
1993
791
1874
2095
2055
2007
1974
1522
2095
2095
2095
2095
2095
2095
2095
2095
1211
705
1338
2095
2095
2052
1903
1684
1870
2095
2095
2095
2095
512
1587
1428
2095
1453
1346
1919
1556
1665
2095
2095
2095
2095
2095
2095
2095
2095
2095
2095
2095
2095
2095
2095
2095
2095
2095
2095
2095
2095
2095
2095
2095
2095
2095
2095
2095
2095
2095
2095
2095
2095
2095
2095
2095
1916
1965
2095
2095
2095
2095
2095
2095
2095
1639
1808
2095
1764
1608
2095
2095
2095
2095
2095
2095
2095
2095
2095
2095
2095
2095
2095
2095
2095
2095
2095
2095
2095
2095
2095
2095
2095
2095
2095
2095
2095
2095
2095
2095
2095
2095
2095
2095
2095
2095
2095
2095
2095
2095
2095
1509
1181
2095
2095
1340
2060
1403
1475
2095
1681
2095
2095
2057
2095
1339
1273
1642
985
799
1990
2095
2095
1751
2039
1380
1434
1870
1525
976
2095
1782
909
2095
2095
2095
2095
2095
2095
2089
2095
2095
2095
2095
2095
2095
2095
2095
2095
2095
2095
2095
2095
2095
2095
1770
1885
2005
2095
1876
2095
2095
2095
2090
2095
2095
858
1976
1962
1954
1749
2095
2095
2095
2095
2095
344
2095
2080
2095
2095
2095
2095
2095
2095
2095
2095
2095
2095
2095
2095
2095
2095
2095
2095
2095
2095
2095
2095
2095
2095
2095
2095
2095
2095
2095
2095
2095
2095
2095
2095
2095
2095
2095
2095
2095
2095
2095
2095
2095
2095
2095
2095
2095
2095
2095
2095
2040
2095
2095
1805
1143
1395
926
1681
2095
2095
2095
1758
1730
1561
1333
2095
2095
1905
1549
1359
2095
2095
2095
1909
1289
2095
2095
2095
2095
1534
2095
997
1468
2095
2095
2095
2095
2095
2016
2095
2095
2095
2095
866
1880
1630
1123
1229
990
1603
1419
2095
2095
1682
1309
1682
2095
2095
2095
2095
2095
2063
1401
2095
2095
1825
2095
2083
2095
2095
2095
1961
2095
2059
2095
2095
2092
2095
2095
2095
2095
2095
2095
2095
2095
2095
988
874
2095
1437
2095
2095
2095
2095
2095
2095
2095
2084
2095
2095
2095
2095
2095
2095
2095
2095
2095
2095
2095
2095
2095
2095
2095
2095
2095
2095
2095
2095
2095
2095
1334
1235
2085
2095
2095
1284
1328
2095
2095
2095
2095
2095
2095
2095
2095
2095
2095
2095
2095
1460
360
