CorWatt
0.97
2.82
0.89
0.87
0.92
0.88
0.88
0.88
2.41
2.18
3.02
2.14
3.45
3.56
3.54
2.70
3.02
2.64
2.58
3.61
3.56
2.20
3.16
3.19
3.61
3.17
2.61
2.73
2.46
2.48
3.60
3.60
3.14
3.61
3.64
3.66
3.65
3.64
3.67
3.68
3.53
2.12
3.44
3.66
3.70
3.66
3.63
3.64
2.61
3.65
3.66
3.39
3.61
3.23
3.71
2.91
2.92
3.43
2.67
3.70
3.65
3.70
3.69
3.65
3.67
3.70
3.50
3.32
2.90
3.71
3.66
3.10
3.71
2.99
3.67
3.69
3.69
3.70
3.72
3.72
3.73
3.72
3.71
3.70
3.73
3.74
3.71
3.72
3.75
3.73
3.75
3.76
3.77
3.77
3.76
3.76
3.77
3.76
3.77
3.74
3.80
3.78
3.77
3.79
3.77
3.76
3.76
3.75
3.76
3.77
3.76
3.76
3.77
3.77
3.79
3.77
3.76
3.78
3.81
3.78
3.78
3.79
3.78
3.78
3.79
3.78
3.77
3.76
3.75
3.77
3.76
3.77
3.77
3.79
3.76
3.77
3.77
3.79
3.78
3.77
3.76
3.78
3.80
3.78
3.78
3.80
3.76
3.76
3.75
2.64
3.68
3.55
2.59
3.11
3.74
2.97
3.45
3.79
3.80
3.81
3.80
3.81
3.80
3.79
3.78
3.76
3.78
3.79
3.79
3.78
3.77
3.78
3.81
3.79
3.79
3.79
3.78
3.80
3.80
3.77
3.79
3.79
3.77
3.76
3.79
3.77
3.77
3.77
3.75
3.80
3.76
3.73
3.77
2.99
3.59
3.79
3.77
3.79
3.78
3.77
3.79
3.79
3.80
3.78
3.79
3.78
3.27
2.93
3.38
2.45
3.77
3.74
3.74
3.78
3.76
3.77
3.74
3.77
3.75
3.43
3.54
3.04
3.75
3.71
3.73
3.76
3.77
2.77
3.63
3.36
3.77
2.58
3.11
3.48
3.79
2.40
3.20
3.75
2.60
3.59
3.79
3.77
3.79
3.78
3.72
3.22
3.71
3.76
3.37
2.83
3.02
2.74
3.74
3.72
3.74
3.76
3.77
3.62
3.62
3.75
3.73
2.15
3.77
3.78
3.79
3.80
3.77
3.76
3.78
2.71
2.30
3.78
3.78
3.77
3.75
3.75
3.79
3.78
3.77
3.79
3.79
3.81
3.82
3.80
3.80
3.80
3.81
3.79
3.80
3.79
3.79
3.80
3.79
3.79
3.78
3.79
3.74
2.97
2.12
2.52
3.77
2.52
2.71
3.32
3.54
3.30
3.33
3.04
3.35
3.75
2.88
3.72
3.73
3.77
3.79
3.77
3.76
3.79
3.81
3.79
3.78
3.79
3.80
2.81
3.77
3.33
2.45
3.77
3.73
3.79
3.77
3.77
3.75
3.32
3.21
3.66
3.37
3.75
3.78
3.79
3.71
2.95
3.76
3.76
3.28
2.72
2.34
3.64
3.39
3.75
2.94
2.64
3.83
2.97
2.07
3.58
3.71
3.77
3.24
3.74
3.75
3.61
3.77
3.45
3.80
3.82
3.59
3.08
3.38
2.01
3.43
3.33
3.41
3.23
1.24
2.97
3.50
3.76
3.76
3.77
3.78
3.80
3.61
3.49
3.78
3.78
3.78
3.79
3.80
3.49
3.80
3.81
3.51
3.79
3.20
3.80
3.17
3.00
3.77
3.79
3.79
3.79
3.80
3.81
3.80
3.78
3.77
3.78
3.80
3.79
3.78
3.76
3.77
3.81
3.80
3.79
3.78
3.77
3.79
3.77
3.78
3.80
3.79
3.82
3.80
3.79
3.78
3.77
3.77
3.78
3.77
3.85
3.77
3.78
3.77
3.78
3.79
3.79
3.79
3.79
3.78
3.80
3.40
3.02
2.31
3.60
3.75
2.73
3.77
3.50
3.37
3.38
2.55
3.27
3.79
3.80
3.26
3.08
3.50
3.73
2.55
3.52
3.70
3.74
3.75
3.63
3.15
3.53
3.78
3.78
3.77
3.78
3.79
3.78
3.78
3.76
3.76
3.76
3.77
3.77
3.75
3.77
3.75
3.75
3.77
3.76
3.77
3.77
3.79
3.77
3.76
3.77
3.81
3.79
3.80
3.78
3.77
3.78
3.77
3.79
3.78
3.78
3.77
3.77
3.77
3.75
3.73
3.45
3.73
3.71
3.72
3.77
3.77
3.76
3.73
3.73
3.73
3.74
3.15
2.31
1.97
2.94
3.78
3.77
3.79
3.77
3.78
3.75
3.75
3.19
3.17
3.79
3.79
3.77
3.78
3.79
3.78
3.85
3.80
3.78
3.79
3.80
3.80
3.77
3.81
3.45
3.11
3.00
2.75
3.79
3.79
3.79
3.79
3.79
3.79
3.79
3.80
3.79
3.80
3.79
3.77
3.80
3.77
3.81
3.78
3.78
3.77
3.78
3.78
3.78
3.81
3.81
3.79
3.79
3.79
3.79
3.78
3.79
3.78
3.79
3.79
3.78
3.78
3.79
3.80
3.80
3.79
3.79
3.79
3.79
3.80
3.80
3.80
3.80
3.79
3.81
3.80
3.79
3.80
3.79
3.79
3.78
3.77
3.79
3.83
3.79
3.79
3.80
6.16
1.68
