CorWatt
3.71
5.11
1.62
1.52
1.58
1.59
1.55
1.54
2.16
1.62
2.49
3.57
4.08
2.45
3.35
2.06
3.54
3.69
6.88
5.50
6.19
4.85
3.65
2.08
3.32
3.65
4.16
3.55
2.14
1.54
2.31
1.25
1.39
4.77
2.69
1.85
2.93
2.77
2.62
2.40
2.27
2.72
2.95
2.35
1.97
1.42
2.24
2.68
2.89
3.40
2.04
2.64
3.89
1.78
1.73
2.15
2.31
3.62
2.51
3.12
1.53
1.53
2.85
3.07
3.06
2.27
2.48
2.56
2.43
1.71
2.06
2.36
2.21
2.66
3.10
3.67
3.25
3.80
4.74
3.33
1.99
1.71
2.41
3.06
2.96
1.94
2.39
2.37
2.50
2.40
2.33
1.86
1.92
2.04
2.65
2.70
1.89
2.27
2.09
2.14
2.83
2.88
2.52
3.53
3.15
1.93
2.25
1.72
1.78
3.05
2.92
2.01
3.83
2.33
2.74
2.88
2.36
2.98
2.11
2.16
2.66
1.96
3.37
2.49
2.32
2.69
1.63
2.85
3.27
2.27
5.68
2.16
3.16
2.51
3.90
2.97
1.96
1.86
2.29
2.28
2.33
1.56
1.91
1.56
