Avg_MHz
2
66
12
0
1
0
1
0
307
2046
1626
2094
1881
2094
2095
1459
1155
2094
2094
2094
2095
2094
2094
2094
2094
1782
1584
1257
1253
2095
2095
2094
2095
2094
2094
2095
2095
2095
1997
948
1282
1928
1458
2090
1829
959
2095
1946
720
1822
1524
2095
1947
2095
2095
1925
1943
1495
2095
2095
2095
2095
2095
2095
2095
2095
2095
2095
2093
2095
2095
2095
2095
2095
2095
2095
2095
2095
2095
2095
2095
2095
2095
2095
2095
1847
627
1625
764
1107
1651
1536
2095
2095
2095
2095
2095
2095
2041
2077
1776
1223
1591
2095
2095
2095
2095
2095
1903
1507
2095
2095
2095
2095
2095
2095
2095
2095
2095
2095
2095
2095
2095
2095
2095
2095
2095
2095
2095
2095
2095
2095
2095
2047
2095
2095
2095
2095
2095
2095
2095
2095
2095
1910
2095
2095
2095
2095
2095
2095
2095
2095
2095
2095
2095
2095
2095
2095
2095
2095
2095
2095
2095
2095
2095
2095
2095
2095
2095
2095
2095
2095
2095
2095
2095
2095
2095
2095
2095
2095
2095
2095
2095
2095
2095
2095
2095
2095
2095
2095
2095
2095
2095
2095
2095
2095
2095
2095
2095
2095
2095
2093
2091
2095
2095
2095
2095
2095
2095
2095
2095
2095
2095
2095
2095
2095
2095
2095
2095
2095
2095
2095
2095
2095
2095
2095
2095
2095
2095
2095
2095
2095
2095
2095
2095
2095
2095
2095
2095
2095
2095
2095
2095
2095
2095
2095
2095
2095
2095
2095
2095
2095
2095
2095
2095
2095
2095
2095
2095
2095
2095
2095
2095
2095
2095
2095
2095
2095
2095
2095
2095
2095
2095
2095
2095
2095
2095
2095
2095
2095
2095
2095
2095
2095
2095
2095
2095
2095
2095
2095
2095
2095
2095
2095
2095
2095
2095
2095
2095
2095
2095
2095
2095
2095
2095
2095
2095
2095
2095
2095
2095
2095
2095
2095
1888
2095
2095
1488
1514
1770
1065
2095
1949
2018
2095
2035
1754
1768
1737
1587
1242
1784
1843
1964
2095
2095
2095
2095
2095
2095
2095
1824
1893
1732
1665
1540
881
2095
2095
2095
2095
2054
2095
1377
1908
1908
1924
1515
2095
2095
2095
1981
2082
2095
2015
2095
2095
2095
2095
1820
2095
2095
2095
2095
2095
2095
1771
376
1040
1794
1852
2095
1793
1845
1733
1831
2095
2095
2095
1570
2095
2095
2095
2095
2095
2095
1880
2095
2095
2095
2095
2095
2095
2095
2095
1729
2095
2095
1289
2095
2095
2095
2095
2095
2095
2095
1919
2095
2095
2095
1996
1736
2095
2095
2058
2086
2095
2095
2095
2095
2077
829
1435
1969
2095
2095
2095
2095
2095
2095
2095
2095
2095
1862
2095
2095
2095
2095
2095
1596
2095
2095
1370
2095
2095
2095
2095
2095
2095
2095
2095
2095
2095
2095
2090
2095
2095
2095
2095
2095
2095
2095
2095
1949
1801
1438
1147
1242
1202
1268
1835
2095
2095
2095
2095
2095
2095
2095
1652
2095
1692
2090
2095
1684
1721
1577
2095
1794
1635
1681
1647
1299
1370
2095
2095
2095
2095
2095
2095
2095
1590
2095
1260
2010
2095
2095
1777
2041
652
1289
2095
2095
2095
2095
2095
2095
2095
2095
2095
2095
2095
2095
2095
2095
2095
2095
2095
2095
2095
1386
1488
1941
2095
2095
1150
1594
1984
1865
2095
2095
1369
2061
2095
2095
2095
2095
2095
1883
2082
2095
2095
2095
2095
1674
935
1550
2059
1704
949
2095
2095
2095
2095
1990
2095
2095
1369
851
2095
1878
1428
1954
2095
2095
2095
2095
2095
2095
2095
2095
2095
2095
2095
2095
2095
2095
2095
2095
2095
2095
2095
2095
2095
2095
2095
2095
2095
2095
2095
2095
2074
593
