CorWatt
2.37
4.28
2.28
2.47
2.38
2.44
2.98
3.07
3.18
3.35
3.49
2.47
3.38
3.50
3.43
3.20
3.69
3.22
3.14
3.23
3.42
3.54
6.38
3.40
3.49
3.33
3.45
3.49
3.48
4.18
6.20
6.82
7.68
4.41
4.94
4.96
4.18
5.65
3.43
3.76
2.88
3.72
2.71
3.01
3.27
4.09
3.70
3.94
6.18
5.96
7.93
4.68
4.04
3.68
4.65
3.83
3.93
3.54
4.45
3.48
4.13
3.31
3.39
3.01
4.10
4.05
3.76
4.31
3.38
2.82
3.34
2.98
3.14
3.28
3.06
3.13
2.99
3.41
4.28
5.36
3.71
3.91
3.88
3.42
3.41
3.45
3.18
3.00
3.52
3.21
3.22
3.53
2.83
3.05
3.18
3.06
3.36
3.76
3.15
3.27
3.35
3.34
3.42
3.48
3.37
3.37
3.60
3.38
3.48
3.27
3.34
4.07
4.68
3.28
3.00
3.36
3.22
3.48
3.94
2.72
3.37
3.39
3.44
2.99
3.31
3.39
3.56
3.86
3.26
3.20
3.51
2.90
4.03
5.36
3.87
3.32
3.12
3.04
3.72
3.36
3.45
3.21
3.90
3.40
3.40
3.38
3.41
5.86
3.04
3.72
3.92
3.55
4.94
3.84
6.32
5.54
4.02
3.17
3.31
3.08
2.80
2.70
3.44
3.42
4.50
3.27
3.98
5.42
5.35
4.24
5.05
4.52
4.82
3.85
3.64
4.38
4.26
4.30
4.24
3.50
3.94
3.86
3.47
3.51
3.35
3.56
3.40
4.33
4.25
3.35
3.28
3.27
3.41
3.72
3.60
3.30
3.35
3.44
3.37
3.48
3.38
3.41
3.77
3.50
3.34
3.50
3.38
3.45
3.34
3.36
3.39
3.74
3.41
3.34
3.36
3.35
3.95
3.96
3.30
3.32
3.48
3.55
3.65
3.35
3.38
3.55
3.33
3.41
3.31
3.57
3.31
3.30
3.90
4.28
3.35
3.26
3.28
3.46
4.22
3.34
3.65
3.42
2.66
3.38
3.44
4.20
3.28
3.46
3.40
3.02
3.35
3.29
3.57
3.38
3.56
3.38
3.34
3.46
3.31
3.46
3.28
3.10
3.42
3.44
3.39
3.42
3.36
3.47
3.36
3.35
3.45
3.51
3.21
3.40
3.37
3.39
3.41
3.57
3.33
3.32
3.24
3.62
3.36
3.34
3.34
3.80
3.13
3.42
3.22
3.61
2.84
3.20
3.27
4.77
3.48
2.99
5.04
4.07
4.10
3.46
3.31
3.42
3.35
2.74
3.29
3.79
2.61
3.87
3.52
4.04
3.37
3.41
3.55
3.41
3.50
3.30
3.32
3.36
3.25
3.40
3.03
2.93
3.13
2.57
2.80
3.42
3.31
3.35
3.34
3.47
3.51
3.43
3.40
3.41
3.47
3.37
3.25
3.72
3.40
3.41
3.34
4.00
3.31
3.45
3.39
3.58
3.58
3.32
3.34
3.58
3.19
2.64
3.57
3.46
3.55
3.07
3.29
3.52
4.04
2.47
3.73
3.48
3.28
3.17
2.90
3.22
3.33
3.77
3.40
3.42
3.42
3.46
3.46
2.93
2.99
3.23
3.38
3.31
3.19
3.37
3.28
3.40
3.57
3.43
3.14
3.00
2.63
3.26
3.31
3.48
3.30
3.44
3.32
3.39
3.47
3.30
3.40
3.79
3.39
3.37
3.42
3.32
3.34
3.43
2.62
3.41
3.46
3.32
3.36
2.85
3.30
3.48
3.14
3.46
3.37
3.28
3.12
3.07
3.37
3.83
3.39
3.46
3.37
3.29
3.38
3.42
3.36
3.70
3.57
4.00
3.51
3.45
3.36
3.39
3.61
3.52
3.42
2.87
3.33
3.75
3.31
3.46
3.70
3.42
3.47
3.36
3.37
3.43
3.30
3.53
3.27
3.52
4.35
3.56
3.61
4.85
4.45
3.91
4.86
4.76
6.14
7.17
10.03
5.44
4.32
3.35
3.97
5.13
4.10
3.64
5.44
4.89
4.34
4.62
3.46
2.37
2.99
3.29
4.02
2.78
3.48
3.04
3.20
2.14
3.95
2.79
3.13
4.73
4.71
5.41
3.69
6.07
7.33
6.16
4.70
3.82
5.09
4.60
4.09
3.71
2.03
2.79
2.91
4.05
4.94
3.41
2.54
2.94
3.17
3.19
3.01
5.00
2.90
2.58
2.68
2.46
2.95
4.58
5.62
3.04
4.02
3.19
5.56
3.17
3.77
2.85
1.38
1.93
1.39
2.21
1.85
1.96
2.38
2.09
1.66
2.23
1.71
3.05
2.94
2.38
2.86
2.28
3.38
6.33
5.76
3.97
2.67
2.51
3.42
3.14
2.53
2.47
3.06
2.29
2.87
2.59
3.19
3.10
5.46
5.02
4.45
3.57
2.77
3.38
1.96
2.37
2.35
2.83
3.05
3.36
6.76
3.59
3.53
6.14
5.66
2.88
2.02
2.30
3.66
2.13
2.58
3.41
2.70
3.17
4.45
3.21
6.38
6.75
4.17
2.25
2.85
4.28
5.11
5.16
5.24
4.55
3.97
4.16
4.10
3.88
6.72
5.13
3.13
3.72
2.81
2.45
3.01
2.28
4.13
2.87
