CorWatt
0.89
2.47
0.89
0.86
0.89
0.86
0.86
0.86
1.05
3.26
1.92
1.96
2.53
1.22
2.03
2.44
2.23
1.89
1.71
1.49
2.39
2.40
2.27
1.90
1.23
1.39
2.08
2.90
1.21
1.56
1.62
1.26
1.79
2.74
1.94
1.95
1.94
2.30
1.80
1.46
2.21
2.11
2.31
2.27
0.86
1.57
3.06
2.51
1.66
1.94
1.20
1.90
2.52
1.67
1.60
1.83
1.62
1.51
2.34
3.30
2.02
3.49
2.73
2.61
2.53
2.44
3.73
1.75
0.87
1.89
2.41
1.22
3.43
1.33
2.79
1.82
1.23
1.82
2.03
1.29
2.55
1.70
2.13
3.82
2.36
1.61
1.60
0.90
2.23
1.98
0.87
1.87
1.53
3.27
3.03
1.86
2.71
3.77
1.51
1.09
1.92
1.78
1.72
1.21
2.61
2.42
2.04
3.60
2.25
2.65
1.37
3.22
2.19
1.18
0.88
2.00
1.38
2.71
2.58
1.94
2.44
2.03
1.93
1.88
1.22
2.16
3.03
2.27
2.44
1.48
2.31
2.64
1.55
1.59
1.39
2.85
2.27
1.67
1.27
1.88
0.92
1.25
1.84
1.63
1.69
2.83
1.26
2.08
1.94
2.96
1.95
2.03
1.63
2.33
2.56
1.39
1.42
1.62
1.59
1.61
2.23
2.68
1.46
2.83
0.92
1.65
2.30
1.46
1.11
2.27
2.24
2.64
1.85
1.34
2.14
2.63
2.21
2.06
1.62
1.59
1.68
1.98
1.85
1.55
1.57
2.28
1.63
2.31
2.30
1.51
2.05
0.87
1.22
0.88
1.95
0.87
1.25
2.18
2.64
1.56
2.61
1.55
0.96
1.77
1.65
1.92
1.56
1.53
1.92
1.55
2.93
1.93
1.58
1.94
1.63
1.46
1.36
1.93
2.08
1.38
2.45
2.92
1.76
2.26
1.21
1.95
1.54
1.21
1.91
2.19
2.15
2.59
1.43
1.28
3.04
1.81
2.49
1.45
2.51
1.58
1.57
0.90
3.63
1.65
1.89
2.30
3.19
1.20
1.68
1.98
1.51
2.08
2.18
1.60
1.53
2.37
1.55
1.58
1.61
1.94
3.60
1.96
1.61
1.91
2.09
2.71
1.90
2.21
2.53
1.89
1.31
1.22
2.91
2.71
1.19
1.52
2.75
1.92
1.00
1.89
2.17
1.55
2.93
2.14
1.44
1.60
2.15
2.01
1.55
1.54
2.43
2.82
0.88
1.86
1.54
2.72
1.66
1.14
1.64
1.14
2.36
1.94
1.63
2.13
1.40
2.67
2.14
1.33
1.31
2.34
1.12
1.94
1.98
1.22
1.55
2.38
2.45
1.77
3.07
2.30
2.97
1.27
2.09
1.74
3.12
2.68
1.60
1.32
2.29
1.53
1.64
2.08
2.15
1.23
2.30
1.87
1.87
2.35
1.56
1.99
2.29
2.59
1.95
1.58
3.67
1.57
1.68
2.51
2.67
1.95
1.93
2.36
1.58
1.22
2.30
2.92
1.76
2.11
1.46
2.34
1.94
1.75
2.10
1.28
2.19
1.55
1.62
2.25
1.44
1.93
1.60
1.54
1.76
1.72
2.60
1.34
2.45
1.64
1.56
2.24
1.21
1.88
1.62
1.78
2.38
2.28
1.24
1.61
1.25
1.60
1.87
1.23
1.40
1.43
0.86
1.91
1.44
2.66
2.15
2.57
1.56
1.23
2.97
2.48
2.17
2.02
2.20
2.70
1.56
0.87
0.87
1.55
2.44
2.44
1.79
2.35
2.20
1.35
3.78
2.16
0.86
2.29
1.91
1.60
2.55
1.85
1.56
2.01
1.94
1.54
1.33
1.47
1.94
1.64
1.99
2.26
1.13
2.31
2.27
1.92
1.95
1.57
1.94
2.55
2.31
2.24
1.23
2.31
1.96
2.65
1.25
1.32
2.21
3.23
2.81
1.93
1.58
1.27
2.30
2.90
1.60
2.28
2.55
1.85
1.76
3.37
2.04
1.46
2.28
1.64
2.33
1.29
1.55
2.26
3.04
3.17
1.78
1.51
1.38
1.92
2.63
2.20
2.34
1.58
2.65
2.33
2.62
1.56
0.86
2.99
2.38
2.65
2.57
2.78
0.87
0.87
2.70
1.41
1.95
3.20
2.42
2.31
1.54
0.89
0.89
1.33
2.61
1.56
2.52
1.22
0.86
1.21
1.25
2.08
2.08
1.59
2.25
3.28
1.62
1.26
1.28
2.15
1.61
1.92
1.29
2.61
0.87
1.57
1.56
2.68
1.95
1.88
2.16
1.74
2.87
2.23
1.33
2.08
1.67
1.38
2.14
2.16
1.66
2.70
1.72
1.76
2.00
1.55
1.43
1.63
1.68
1.64
1.56
1.91
0.89
2.92
0.88
1.24
2.34
1.86
2.27
1.89
1.58
2.25
2.39
2.38
1.25
2.74
1.55
2.29
1.56
1.54
1.87
1.88
1.41
2.40
1.92
1.47
0.87
1.38
1.07
1.93
1.48
1.60
2.92
1.39
1.99
1.24
1.76
1.40
1.57
1.24
1.56
1.88
1.04
2.12
3.14
2.21
1.97
1.53
1.91
1.05
2.52
1.94
2.68
1.20
1.57
2.59
5.49
