CorWatt
1.15
2.89
1.37
1.62
0.97
1.01
0.97
1.10
2.96
3.19
3.90
3.95
3.52
3.95
3.54
3.93
3.94
2.61
3.05
3.92
4.01
3.05
2.59
3.93
3.99
3.94
3.97
4.02
3.92
3.30
3.75
2.57
4.11
3.98
3.95
4.19
4.52
3.96
3.99
3.94
4.03
4.01
4.11
3.94
3.96
4.00
3.95
4.05
4.88
3.10
3.55
3.13
3.97
3.94
3.96
3.33
3.93
3.29
3.45
4.00
4.04
3.94
4.09
3.96
3.94
4.48
3.93
3.96
3.99
3.94
3.93
4.00
3.93
3.96
4.00
3.94
3.93
4.03
3.99
3.99
3.99
3.94
4.09
3.94
3.96
3.99
3.93
4.13
3.94
4.00
3.94
3.95
3.96
3.97
4.03
3.95
3.94
4.13
4.44
3.97
4.03
3.95
4.11
3.95
4.01
3.94
3.96
3.96
3.94
4.88
3.98
3.99
3.99
3.95
3.97
3.94
3.94
4.01
3.94
3.95
3.99
4.02
4.31
4.48
4.00
4.44
3.96
4.15
3.96
4.04
3.95
3.94
3.99
3.97
3.98
4.01
3.94
4.02
3.94
3.99
3.97
4.01
4.11
3.94
4.11
4.45
3.95
4.13
3.93
3.58
3.94
3.95
4.05
3.94
3.99
3.29
3.51
3.96
4.09
4.45
3.88
3.46
3.12
3.56
2.10
2.83
3.92
4.07
4.01
3.15
3.57
3.95
3.80
3.33
3.24
3.94
3.99
3.10
3.65
3.97
3.98
4.06
4.28
4.04
4.38
3.95
3.94
3.97
3.99
3.91
3.44
3.93
3.74
3.31
3.96
4.08
3.72
3.42
3.46
3.96
4.00
4.01
3.38
1.74
2.16
3.96
3.93
4.14
3.98
3.74
3.95
3.93
3.85
3.82
2.91
3.91
3.94
3.95
3.93
4.00
3.98
4.01
4.07
3.94
3.95
3.72
3.96
3.97
4.09
4.75
3.96
3.99
4.00
3.94
3.96
4.12
3.96
3.97
3.94
3.89
3.97
3.98
4.16
4.21
4.47
4.44
3.96
4.04
4.49
3.97
4.00
3.95
4.41
3.95
3.97
3.98
4.00
4.01
3.93
3.98
3.98
3.97
4.14
3.91
3.96
3.98
3.94
4.05
4.00
4.05
3.94
3.94
3.97
3.07
3.72
3.98
3.94
3.26
3.70
3.13
2.52
4.00
3.99
3.43
3.20
3.30
3.95
4.07
3.62
3.81
3.82
3.36
3.67
3.25
3.95
3.84
3.76
3.99
3.94
3.94
3.95
4.00
4.13
4.21
4.46
3.95
3.95
3.95
4.52
3.99
3.96
4.04
3.96
4.01
4.06
3.98
3.99
4.02
3.96
3.97
3.98
4.03
4.12
3.95
3.97
3.95
3.94
4.14
4.00
4.05
3.95
3.95
3.97
4.02
3.97
3.99
3.93
3.96
4.00
3.96
4.22
4.54
4.25
4.48
3.96
3.97
3.97
4.12
3.97
4.88
4.03
3.98
3.97
2.27
3.93
3.78
3.71
2.61
3.96
3.96
3.97
3.53
3.05
4.02
3.97
3.79
2.64
4.07
4.00
3.96
3.94
3.95
4.01
3.92
4.01
3.96
3.94
4.03
3.96
4.02
4.03
3.96
4.10
3.95
3.94
3.96
3.94
4.08
3.94
3.95
4.04
3.92
3.95
3.98
3.95
4.02
3.93
3.95
3.93
3.93
3.98
4.01
4.07
4.09
4.44
3.94
3.98
4.08
3.96
4.54
4.24
3.95
4.01
3.98
3.95
3.96
3.93
3.98
3.45
3.94
3.94
3.94
4.11
4.02
4.47
3.92
3.93
3.94
3.95
3.94
3.96
4.46
3.96
3.96
3.98
4.10
4.32
3.99
4.08
3.99
3.99
3.95
4.18
3.96
3.99
3.96
3.97
4.16
3.96
3.96
4.04
3.99
3.99
4.02
3.94
3.95
3.92
3.95
3.97
3.94
3.93
4.00
4.20
3.93
4.13
4.43
3.93
3.97
3.94
3.97
4.88
3.97
3.99
3.99
3.96
3.95
3.93
3.99
3.97
3.94
3.92
3.96
4.11
4.20
4.46
3.94
3.92
4.06
3.96
3.94
3.93
4.03
4.37
3.97
4.02
3.97
4.51
4.47
4.08
3.97
3.96
3.99
4.15
3.95
3.96
4.00
3.98
4.07
3.96
3.97
4.04
3.95
4.03
4.01
3.95
3.94
3.94
3.97
3.98
3.96
3.93
3.93
4.15
2.52
1.98
2.68
3.71
3.88
2.98
3.96
4.63
2.46
3.28
3.96
3.93
4.05
3.95
3.70
3.77
3.53
3.94
3.98
4.05
4.29
4.45
3.73
3.10
3.66
3.44
3.95
3.44
3.82
3.93
2.43
3.94
3.10
3.90
4.19
3.08
2.96
3.96
4.38
4.20
3.93
3.94
3.95
3.96
4.03
3.99
3.96
4.04
3.95
3.98
3.97
4.10
3.96
3.94
3.95
3.94
3.95
3.97
3.94
4.19
3.96
3.97
3.95
4.11
4.09
2.47
3.73
4.72
3.97
2.90
3.91
3.95
3.53
3.96
3.96
3.93
3.36
3.97
3.98
3.25
4.00
4.07
4.38
3.56
3.53
7.26
2.60
