Running for 59.0 seconds (59 samples at 1.0 second intervals).
Power measurements will start in 1 seconds time.

Waiting 1 seconds before starting (gathering samples).                                                                                  Time    User  Nice   Sys  Idle    IO  Run Ctxt/s  IRQ/s  Watts
18:26:49   4.6   0.0   5.3  90.0   0.1    4 164730  84944  25.46 
18:26:50   3.4   0.0   5.5  91.1   0.0    2 170310  87339  24.32 
18:26:51   2.9   0.0   6.1  91.0   0.0    2 176279  90273  23.98 
18:26:52   6.4   0.0   6.1  87.5   0.0    2 170269  87172  24.45 
18:26:53   9.6   0.0   6.9  83.5   0.0    5 174522  89597  25.72 
18:26:54   4.3   0.0   5.5  90.2   0.0    5 173145  88926  24.07 
18:26:55   3.3   0.0   6.0  90.6   0.1    2 180121  91893  24.16 
18:26:56   3.5   0.0   5.8  90.7   0.0    6 178218  91128  23.88 
18:26:57   4.2   0.0   6.0  89.8   0.0    4 179892  91897  24.42 
18:26:58   7.0   0.0   7.5  85.4   0.0    2 174014  89773  27.54 
18:26:59   5.3   0.1   6.5  88.1   0.0    5 189790  96819  27.54 
18:27:00   5.9   0.8   6.7  86.5   0.1    6 183329  93611  24.82 
18:27:01   4.3   0.0   6.1  89.5   0.0    6 179500  92071  24.21 
18:27:02   6.4   0.0   6.7  86.9   0.0    4 181188  92589  24.55 
18:27:03   3.9   0.0   6.0  90.1   0.0    4 187370  95711  24.13 
18:27:04   5.0   0.0   6.0  89.0   0.0    5 171722  88106  24.20 
18:27:05   3.9   0.0   6.0  89.9   0.1    4 183118  93587  24.16 
18:27:06  14.9   0.0   6.4  78.7   0.0    2 181572  93445  32.51 
18:27:07  14.1   0.0   6.7  77.6   1.6    4 189717  97675  34.98 
18:27:08  11.7   0.0   6.4  82.0   0.0    9 204851 105433  36.06 
18:27:09   5.3   0.0   6.3  88.4   0.0    7 185125  94785  25.11 
18:27:10   9.0   0.0   5.4  85.6   0.0    4 184856  94724  28.91 
18:27:11  12.8   0.0   6.0  81.2   0.0    4 195907 100544  32.19 
  Time    User  Nice   Sys  Idle    IO  Run Ctxt/s  IRQ/s  Watts
18:27:12  19.8   0.0   6.2  73.8   0.1    4 177951  92325  44.46 
18:27:13  19.5   0.0   6.3  74.2   0.0    6 207478 106941  48.31 
18:27:14   4.2   0.0   5.6  90.3   0.0    4 168442  86372  24.74 
18:27:15   8.9   0.0   5.6  85.4   0.1    3 177261  91120  26.46 
18:27:16   3.4   0.0   5.3  91.3   0.0    8 170399  87099  24.21 
18:27:17   9.9   0.0   5.5  84.6   0.0    4 174565  89593  30.64 
18:27:18  17.4   0.0   5.6  76.8   0.1    5 186092  96006  34.13 
18:27:19  17.3   0.0   5.7  77.0   0.0   10 195591 100684  46.42 
18:27:20   4.0   0.0   6.0  90.0   0.0    7 168354  85961  24.75 
18:27:21   7.6   0.0   5.5  86.9   0.0    6 177793  90962  28.30 
18:27:22  12.9   0.0   6.0  81.1   0.0    2 184890  95451  28.67 
18:27:23  13.8   0.0   5.6  80.6   0.0    3 192235  98600  36.53 
18:27:24   8.7   0.0   5.4  85.9   0.0    4 174768  89495  27.86 
18:27:25  10.1   0.0   5.6  84.2   0.1    4 178573  91610  32.36 
18:27:26   7.8   0.0   5.6  86.6   0.0    8 170334  87458  27.73 
18:27:27   9.9   0.0   6.2  83.9   0.0    3 184237  94280  31.24 
18:27:28  18.3   0.0   5.6  76.1   0.0    3 178817  92153  32.44 
18:27:29   8.8   0.0   5.2  86.0   0.0    2 176266  90440  29.84 
18:27:30   7.8   0.0   5.5  86.7   0.0    5 177032  90680  28.61 
18:27:31   5.3   0.0   5.6  89.1   0.0    3 175795  90057  25.49 
18:27:32  12.1   0.0   5.2  82.5   0.1    3 179478  91938  34.44 
18:27:33  10.9   0.0   5.5  83.6   0.0    2 179194  91898  32.15 
18:27:34   5.6   0.0   5.7  88.7   0.0    5 175177  89651  26.04 
  Time    User  Nice   Sys  Idle    IO  Run Ctxt/s  IRQ/s  Watts
18:27:35   9.8   0.0   5.5  84.8   0.0    2 184110  94165  30.53 
18:27:36   8.3   0.0   5.6  86.1   0.0    4 186320  95732  29.59 
18:27:37   8.5   0.0   5.5  85.5   0.5    3 179499  91732  27.57 
18:27:38  10.2   0.0   5.5  84.1   0.3    2 183097  93957  32.42 
18:27:39  12.6   0.0   5.6  81.6   0.3    5 180655  92709  33.85 
18:27:40   8.3   0.0   5.6  86.1   0.0    7 183231  93871  27.88 
18:27:41  10.1   0.0   5.5  83.8   0.7    3 176287  90236  31.64 
18:27:42   6.9   0.0   5.7  87.4   0.0    3 170897  87745  25.91 
18:27:43  11.1   0.0   5.5  83.4   0.0   11 176714  90228  30.75 
18:27:44   8.6   0.0   6.0  85.4   0.0    2 169623  86282  25.47 
18:27:45  10.3   0.0   5.7  83.9   0.0    2 165738  84347  28.59 
18:27:46  13.4   0.0   5.5  81.0   0.1    3 179399  92270  36.54 
18:27:47  10.6   1.2   6.1  82.1   0.0    3 197537 101107  35.57 
-------- ----- ----- ----- ----- ----- ---- ------ ------ ------ 
 Average   8.9   0.0   5.8  85.2   0.1  4.3 180057.2 92325.4  29.38 
 GeoMean   7.9   0.0   5.8  85.0   0.0  3.8 179853.9 92217.0  28.94 
  StdDev   4.3   0.2   0.5   4.4   0.2  2.1 8672.1 4536.2   5.48 
-------- ----- ----- ----- ----- ----- ---- ------ ------ ------ 
 Minimum   2.9   0.0   5.2  73.8   0.0  2.0 164730.0 84347.0  23.88 
 Maximum  19.8   1.2   7.5  91.3   1.6 11.0 207478.0 106941.0  48.31 
-------- ----- ----- ----- ----- ----- ---- ------ ------ ------ 
Summary:
CPU:  29.38 Watts on average with standard deviation 5.48  
Note: power read from RAPL domains: pkg-0, dram.
These readings do not cover all the hardware in this device.

C-State    Resident      Count Latency 
C6          73.565%     253581     133
C1E          5.543%      92464      10
C1           0.916%      23222       2
POLL         2.677%    5072441       0
C0          17.298%
