CorWatt
3.47
3.49
3.64
4.51
4.35
3.29
3.15
2.24
3.29
3.02
3.34
3.03
3.49
3.28
3.05
3.95
3.03
3.01
2.97
3.05
3.14
3.31
3.03
3.10
2.99
2.97
2.90
3.10
2.95
3.05
2.97
3.15
3.17
3.11
2.94
3.03
3.00
3.24
3.01
3.06
3.08
3.03
3.06
3.25
2.89
3.08
2.99
3.19
3.02
3.01
2.97
2.99
2.99
3.37
3.03
3.01
3.03
3.19
2.95
2.99
3.11
2.97
3.09
3.45
5.60
3.88
3.99
5.80
3.30
3.10
4.96
4.65
4.01
3.95
3.49
4.90
2.98
3.16
3.08
3.06
3.14
3.07
3.21
3.10
3.03
3.05
3.17
3.06
3.00
3.00
2.97
3.07
3.10
3.09
2.97
3.01
3.81
3.15
2.99
3.06
3.36
3.10
3.04
3.08
3.66
3.10
3.06
3.08
3.21
3.01
2.93
3.05
3.42
3.18
2.99
3.09
3.01
3.09
3.36
3.02
2.92
3.01
3.12
3.13
2.98
3.11
2.99
3.09
2.95
3.13
3.02
5.32
5.48
6.09
3.78
3.99
4.82
4.52
3.84
4.00
4.06
3.29
3.08
3.13
3.00
3.00
3.04
3.07
3.41
3.11
3.32
3.02
3.17
3.00
3.09
3.35
3.12
3.53
2.96
3.05
3.13
3.07
3.02
3.07
2.91
3.20
3.31
3.09
3.00
3.03
3.27
3.03
3.18
3.12
3.12
3.05
3.10
3.16
2.97
3.05
2.94
3.02
3.13
3.08
2.98
2.93
3.05
3.04
2.98
3.08
3.02
3.24
3.03
2.99
3.00
4.52
3.06
3.57
5.69
4.63
3.82
4.17
3.14
3.10
5.17
3.86
3.99
4.00
3.66
3.29
2.94
3.05
3.13
3.20
3.03
3.17
3.04
3.74
3.01
3.05
2.92
3.12
3.05
3.06
2.95
3.08
2.94
3.04
2.95
3.08
2.97
3.37
3.04
3.09
3.08
3.26
3.08
3.26
2.96
3.04
3.04
3.12
3.14
3.00
3.08
2.97
2.93
3.26
3.57
3.11
3.03
3.00
3.06
3.04
2.89
3.94
3.05
3.24
3.07
3.09
3.09
3.03
3.08
3.10
3.04
4.32
5.76
6.15
4.01
3.01
3.51
3.98
3.91
3.78
3.80
4.08
4.48
5.00
3.09
3.12
3.15
3.08
3.06
3.09
3.06
3.11
3.04
3.06
2.99
3.09
2.92
3.06
3.06
3.15
3.07
3.07
3.00
3.46
2.91
3.06
3.00
3.51
4.65
3.84
3.84
5.67
6.04
3.69
3.01
4.49
4.07
3.99
4.14
3.98
3.10
4.49
3.06
3.10
2.98
3.58
3.29
3.14
3.24
3.19
3.30
3.08
3.07
3.20
3.05
3.04
3.09
3.06
3.12
3.04
3.77
4.53
3.75
4.23
4.53
3.92
3.84
3.04
3.09
5.31
5.13
4.53
3.93
3.06
3.07
3.04
2.99
3.03
3.10
3.10
3.06
3.07
2.97
3.22
2.96
3.04
2.90
3.05
3.34
3.10
2.97
3.10
2.98
3.06
3.04
3.24
3.53
3.08
3.02
3.01
3.19
3.89
3.18
3.11
3.05
3.23
3.32
3.12
3.06
3.09
2.97
3.05
3.03
3.20
3.04
3.04
3.01
3.02
3.10
3.15
2.99
2.99
3.00
3.31
3.03
3.06
3.54
3.08
3.05
3.10
4.27
4.04
3.76
3.81
5.38
6.01
3.39
2.97
4.88
5.65
4.23
3.95
2.99
3.10
2.98
3.03
2.97
3.04
2.96
3.03
3.03
3.05
2.96
3.15
3.05
3.19
3.05
3.06
3.00
3.16
3.04
3.92
3.06
3.11
2.91
3.07
3.05
3.24
3.08
3.10
2.96
3.06
2.97
3.15
2.96
3.08
3.10
3.11
3.05
3.14
2.97
3.07
3.03
3.28
3.48
3.06
3.06
2.99
3.11
3.09
2.95
3.02
3.02
3.06
2.94
3.11
2.99
3.15
3.12
3.11
5.61
3.80
3.74
4.09
4.53
5.96
3.38
3.02
4.39
4.01
3.76
3.83
3.75
3.90
3.67
3.74
3.86
3.85
5.13
4.77
2.95
4.51
2.97
3.20
3.02
3.04
3.07
3.04
3.06
3.05
2.92
3.15
3.51
3.16
3.09
3.03
3.06
2.94
3.13
2.99
2.97
2.99
2.99
3.21
3.13
3.42
3.02
3.05
3.13
2.99
3.01
3.03
2.94
3.04
2.95
3.06
2.98
3.09
3.04
3.10
3.03
3.09
2.97
3.10
3.07
3.06
3.03
3.05
3.04
3.05
2.93
3.17
2.95
3.19
3.02
3.06
3.36
5.70
4.00
3.97
3.86
4.39
3.16
3.78
4.04
4.04
4.09
6.02
5.15
3.05
2.85
3.00
2.90
3.23
3.10
2.98
3.09
2.94
3.22
3.06
3.05
3.00
3.05
3.25
3.16
3.51
3.68
3.06
3.03
3.32
3.11
3.08
2.99
3.36
3.15
4.10
3.54
3.06
3.09
3.04
3.05
2.98
3.13
3.35
3.02
3.02
3.04
3.12
3.26
3.07
3.02
3.03
2.97
3.17
3.13
3.08
2.99
3.04
3.25
3.03
3.12
3.71
3.18
3.06
3.01
3.00
3.03
5.62
5.70
6.11
3.09
2.91
4.66
5.61
5.98
3.25
3.03
2.98
3.15
3.03
3.12
2.98
3.08
3.19
3.12
3.32
3.27
3.57
2.97
3.04
2.95
3.06
4.05
3.90
4.43
5.27
3.33
4.96
4.14
4.83
4.08
3.73
3.20
3.65
3.31
3.00
2.88
2.67
2.80
2.62
2.55
2.59
2.49
2.92
2.55
2.53
2.53
2.46
2.43
2.49
2.51
3.01
2.64
2.48
2.54
2.54
2.50
2.51
2.46
2.49
2.48
2.47
2.58
3.50
3.30
3.07
3.17
3.59
3.22
3.43
2.94
2.47
2.94
4.97
5.47
3.75
2.94
2.38
1.70
1.21
1.18
1.16
1.14
1.16
1.24
1.13
1.18
1.14
1.22
1.29
1.20
1.22
1.22
1.14
1.19
1.27
1.20
1.33
1.91
1.31
1.78
1.16
1.26
1.16
1.23
1.35
1.19
1.18
1.59
1.18
1.17
1.73
1.64
1.23
1.15
1.26
1.12
1.14
1.40
1.24
1.18
1.12
1.13
1.14
1.27
1.15
1.31
1.14
1.21
1.22
1.20
1.07
1.14
1.25
2.59
3.25
4.30
3.03
1.16
1.30
2.98
2.25
2.67
2.11
2.73
2.90
2.79
5.91
6.58
2.74
1.86
1.80
2.83
3.64
1.75
2.08
2.82
2.23
1.54
1.54
1.66
1.40
1.40
2.02
1.51
1.53
1.39
1.47
1.42
1.24
1.42
2.07
2.29
1.19
1.34
1.23
1.18
1.86
1.55
1.57
1.51
1.41
1.54
1.29
1.48
1.39
1.39
1.37
1.28
1.47
1.56
1.17
1.40
1.55
2.41
2.67
4.34
3.36
2.35
1.85
1.48
1.72
1.39
1.22
1.74
1.82
2.29
1.60
4.17
4.02
2.60
2.42
2.69
2.29
2.62
2.93
3.51
3.10
4.26
1.59
1.65
1.39
1.40
1.14
1.81
3.14
3.68
2.83
1.54
1.83
1.37
2.55
2.63
2.91
2.24
1.48
1.54
1.39
1.38
1.67
1.65
1.54
1.43
1.29
1.52
1.36
1.27
1.50
1.43
1.45
1.31
1.49
1.42
1.14
1.25
1.68
1.80
1.29
1.28
1.56
1.64
1.38
1.52
1.27
1.23
1.31
1.49
1.22
1.30
1.45
1.39
1.57
1.27
1.88
2.46
1.23
1.49
4.09
4.48
4.15
1.57
2.37
3.47
4.68
3.86
3.46
2.77
2.20
2.00
1.21
1.25
1.73
2.08
1.17
1.34
1.17
1.29
1.19
1.15
1.75
2.37
1.49
1.91
1.14
1.25
1.56
1.47
2.38
2.40
3.72
1.93
2.18
1.61
1.43
1.42
1.67
1.99
1.29
1.18
1.19
1.40
1.20
1.29
1.71
1.52
1.54
1.73
1.26
1.56
1.69
1.90
1.39
1.76
1.59
2.68
2.19
2.48
2.49
1.75
2.31
2.16
2.34
5.20
4.32
4.33
6.23
6.15
6.38
6.29
3.66
4.75
5.09
4.71
2.41
2.92
4.32
3.77
4.28
3.25
1.27
1.33
1.52
1.89
1.32
1.57
1.28
1.48
1.26
1.24
1.33
1.41
1.20
1.11
1.08
1.10
1.40
1.66
1.21
1.12
1.19
1.35
1.47
1.14
1.19
1.14
1.35
1.58
1.13
1.15
1.12
1.23
1.25
1.20
1.13
1.14
1.16
1.20
1.29
1.18
1.10
1.17
1.08
1.13
1.11
1.14
1.19
1.15
1.18
1.19
1.21
1.21
1.51
1.81
1.16
1.15
1.28
2.91
3.80
4.28
2.06
1.22
1.76
3.77
4.24
2.54
1.18
1.13
1.12
1.18
1.19
1.13
1.33
1.16
1.17
1.15
1.26
1.32
1.18
1.15
1.21
1.13
1.26
1.55
1.20
1.12
1.15
1.18
1.26
1.14
1.15
1.17
1.27
1.05
1.08
1.20
1.30
1.20
1.20
1.21
1.16
1.23
1.13
1.12
1.12
1.11
1.19
1.21
1.16
1.55
1.11
1.34
1.84
1.95
1.13
1.10
1.29
1.16
1.08
1.10
1.12
1.17
1.13
1.11
1.85
3.91
4.27
2.82
1.09
1.30
2.51
2.08
2.25
2.01
2.02
2.31
4.41
3.17
1.13
1.14
1.19
1.14
1.18
1.11
1.12
1.12
1.21
1.24
1.20
1.48
1.16
1.16
1.22
1.09
1.08
1.12
1.21
1.16
1.27
1.27
1.22
1.18
1.15
1.05
1.05
1.22
1.10
1.11
1.09
1.06
1.34
1.09
1.11
2.65
1.14
1.25
1.81
1.16
1.06
1.14
1.45
1.27
1.17
1.17
1.84
1.26
1.17
1.16
1.11
1.17
1.16
1.18
1.11
1.21
1.15
1.26
2.62
2.13
2.25
2.06
2.04
2.01
2.16
2.05
1.96
2.08
1.95
2.04
2.12
2.11
4.40
4.39
1.75
1.21
2.04
2.20
2.05
2.04
2.19
2.04
2.12
2.01
1.98
2.14
2.02
2.50
4.02
4.30
1.39
1.19
1.25
1.39
2.29
3.66
2.48
2.82
2.46
2.45
2.17
1.60
1.19
1.47
1.43
1.60
2.06
2.00
2.67
2.15
1.47
1.08
1.16
1.29
1.44
1.24
1.13
1.36
1.50
1.35
1.25
1.15
1.20
1.10
1.08
1.14
1.76
1.33
1.19
1.11
1.06
1.10
1.26
1.56
1.19
1.10
1.13
1.11
1.08
1.08
1.19
1.13
1.07
1.11
1.03
1.03
1.09
1.06
2.41
3.70
2.30
2.27
1.87
1.07
1.56
3.73
1.96
2.00
2.73
1.99
2.62
2.19
2.07
1.49
1.30
1.42
1.14
1.20
1.13
1.07
1.10
1.10
1.19
1.06
1.25
1.17
1.18
1.12
1.40
1.59
1.20
1.16
1.37
1.04
1.11
1.03
1.42
1.01
1.07
1.10
1.06
1.06
1.27
1.56
1.32
1.12
1.17
1.14
1.09
1.08
1.22
1.13
1.07
1.05
1.05
1.16
1.08
1.11
1.17
1.07
1.12
1.11
1.13
1.14
1.11
1.70
1.54
1.07
1.03
2.85
3.25
2.06
2.20
2.13
1.38
1.50
2.38
2.80
2.79
2.85
2.37
1.48
1.14
1.05
1.05
1.17
1.35
1.19
2.01
1.65
2.26
2.65
2.23
2.27
1.86
2.06
1.48
1.33
1.69
1.93
1.12
1.21
1.11
1.19
1.24
1.12
1.15
1.09
1.06
1.04
1.14
1.06
1.15
1.08
1.09
1.10
1.10
1.12
1.08
1.05
1.09
1.17
1.21
1.07
1.05
1.23
1.90
1.03
1.04
1.19
1.15
1.08
1.13
1.12
1.15
1.19
1.80
2.53
3.54
4.62
2.74
4.36
4.89
1.76
2.26
2.82
4.87
2.91
2.89
3.52
2.91
2.28
1.81
4.65
3.64
2.41
2.52
1.56
1.75
1.80
1.75
1.58
1.48
1.53
2.06
1.51
1.54
1.49
1.42
1.41
1.58
1.43
1.52
1.70
1.40
1.52
1.96
2.86
1.51
2.01
1.80
1.47
1.92
1.58
1.20
1.22
2.74
1.41
1.53
1.21
1.56
1.44
1.52
1.16
1.65
1.40
1.31
1.45
1.87
1.49
1.35
1.11
1.50
1.08
1.11
1.21
1.60
3.60
2.68
2.51
2.56
2.09
1.21
1.86
2.95
3.09
4.89
2.86
1.54
1.09
1.14
1.16
1.11
1.19
1.32
1.77
1.26
1.10
1.13
1.09
1.19
1.08
1.14
1.14
1.09
1.10
1.31
1.20
1.11
1.16
1.18
1.06
1.25
1.13
1.06
1.12
2.11
1.05
1.08
1.05
1.10
0.99
1.09
1.06
1.16
1.23
1.09
1.23
1.16
1.09
1.03
1.07
1.11
1.17
1.10
1.23
1.06
1.06
1.06
1.15
1.32
1.16
1.12
1.09
1.24
1.09
2.53
3.79
4.24
2.40
1.11
1.53
3.54
4.29
2.86
1.10
1.12
1.08
1.10
1.06
1.32
1.10
1.08
1.13
1.05
1.22
1.10
1.08
1.11
1.17
1.67
1.11
1.12
1.50
1.08
1.03
1.69
1.65
1.15
1.12
1.26
1.07
1.13
1.14
1.12
1.14
1.07
1.21
1.11
1.11
1.32
1.12
1.19
1.16
1.08
1.14
1.07
1.03
1.06
1.23
1.33
1.61
1.13
1.14
1.11
1.19
1.07
1.74
1.70
1.59
1.67
2.97
1.81
5.59
3.04
3.35
2.27
2.14
1.24
1.27
2.54
2.57
2.10
2.25
2.34
1.19
1.06
1.11
1.13
1.03
1.26
1.57
1.18
1.30
1.07
1.18
2.00
2.05
1.10
1.37
1.18
1.02
1.16
1.14
1.10
1.34
1.36
1.29
1.26
1.11
1.08
1.09
1.09
1.10
1.11
1.12
1.11
1.23
1.41
1.22
1.39
1.08
1.40
1.16
1.18
1.28
1.50
1.11
1.14
1.12
1.13
1.14
1.12
1.05
1.28
1.13
1.10
1.08
1.68
1.62
1.20
1.87
2.20
2.12
2.04
2.06
2.85
4.13
2.25
1.05
1.59
3.80
4.31
2.52
1.11
1.14
1.22
2.51
1.15
1.13
1.10
1.04
1.05
1.08
1.07
1.14
1.01
1.00
1.12
1.11
1.09
1.10
1.06
1.07
1.09
1.17
1.19
1.09
1.51
1.17
1.34
1.13
1.62
1.12
1.07
1.29
1.67
1.36
1.26
1.13
1.39
2.46
1.48
1.65
1.42
1.99
1.90
1.92
1.50
1.93
4.43
3.79
2.86
1.65
1.65
2.28
1.87
1.79
1.86
1.94
2.61
2.20
4.67
6.27
4.40
1.46
1.47
5.18
4.40
4.16
1.83
1.57
1.71
3.33
2.97
2.34
2.76
2.32
2.21
1.89
1.97
1.80
1.82
1.96
2.15
2.24
2.24
2.05
2.05
1.91
2.00
1.95
2.26
2.01
2.07
2.28
2.30
2.70
2.05
1.86
1.87
1.83
1.81
1.91
2.33
2.17
2.08
2.13
2.25
1.84
1.97
1.87
1.78
1.80
2.14
2.53
2.17
1.97
2.04
2.33
2.04
2.13
1.94
1.87
2.10
2.23
2.16
3.64
2.39
3.30
3.03
2.90
4.57
4.41
2.03
2.15
4.38
2.90
3.25
3.05
2.87
1.83
1.86
1.83
1.97
2.33
2.24
2.15
2.07
1.97
2.08
1.90
1.92
2.14
2.01
2.13
2.35
2.73
2.68
2.13
1.89
1.97
2.15
1.88
1.90
2.11
2.33
2.06
2.17
2.04
2.03
1.86
1.85
1.85
1.84
2.04
2.19
2.09
2.16
2.13
1.97
2.16
2.04
2.01
3.40
2.30
2.20
3.54
2.11
1.55
2.06
1.80
1.41
1.20
1.08
1.07
0.92
2.96
2.71
3.16
4.08
3.35
1.01
0.87
3.17
4.00
3.35
0.89
0.87
1.63
1.38
1.33
0.90
0.84
0.83
0.89
0.85
0.84
0.86
0.82
0.86
0.85
0.91
1.42
0.87
0.94
1.13
0.83
0.90
0.83
0.95
0.84
0.84
0.86
0.83
0.92
0.86
0.84
0.88
0.96
1.39
0.84
0.92
0.89
0.94
1.39
0.86
2.42
0.84
0.83
0.94
0.86
0.85
0.86
0.83
0.86
0.89
0.88
0.92
0.96
0.84
0.96
2.00
1.45
0.91
1.99
3.55
3.98
3.82
0.87
1.19
2.22
2.04
1.80
1.99
2.09
1.48
1.51
1.48
1.81
1.76
1.05
0.85
1.08
0.92
1.00
0.90
1.11
1.06
1.01
1.30
4.65
3.47
2.17
1.52
1.98
2.20
2.14
1.75
2.47
1.29
1.07
3.52
2.02
1.34
1.16
1.06
2.86
1.13
0.96
0.91
2.10
1.45
2.59
1.42
1.63
1.10
1.32
1.15
1.23
0.85
1.03
1.86
1.81
2.10
2.39
2.70
2.67
1.08
1.12
1.86
1.41
2.12
2.75
4.57
2.36
8.00
3.54
2.23
2.31
0.93
1.31
1.39
1.08
0.86
0.85
1.10
1.27
3.19
2.68
2.09
2.38
4.16
1.66
0.86
0.87
2.25
3.61
5.05
3.39
3.38
2.30
1.75
1.43
0.86
0.92
4.07
1.57
0.81
0.80
0.81
0.84
0.80
0.85
0.81
0.80
0.82
0.80
0.80
0.80
0.80
0.84
0.84
0.90
0.80
0.80
0.80
0.80
0.80
0.80
0.81
0.80
0.80
0.80
0.80
0.80
0.80
0.80
0.80
0.80
0.80
0.80
0.81
0.86
0.80
0.80
0.80
0.80
0.80
0.80
0.80
0.80
0.80
0.83
0.80
0.80
0.80
0.80
0.80
0.80
0.80
0.80
0.80
0.80
0.80
0.94
0.80
0.80
0.80
0.80
0.81
0.80
0.80
0.80
0.80
0.80
0.80
0.80
0.81
0.80
0.80
0.80
0.80
0.80
0.80
0.80
0.80
0.80
0.92
0.80
0.81
0.80
0.80
0.80
0.80
0.81
0.81
0.80
0.80
0.80
0.81
0.81
0.87
0.81
0.81
0.80
0.80
0.80
0.80
0.80
0.80
0.81
0.80
0.83
0.80
0.81
0.81
0.80
0.80
0.80
0.80
0.80
0.81
0.80
0.81
0.91
0.80
0.80
0.80
0.81
0.80
0.81
0.80
0.80
0.80
0.80
0.80
0.80
0.80
0.80
0.81
0.80
0.80
0.80
0.80
0.80
0.81
0.80
0.91
0.80
0.81
0.80
0.81
0.80
0.81
0.80
0.81
0.81
0.80
0.80
0.81
0.81
0.87
0.80
0.81
0.81
0.80
0.80
0.81
0.80
0.80
0.80
0.80
0.83
0.80
0.80
0.81
0.80
0.80
0.80
0.80
0.80
0.80
0.80
0.81
0.81
0.91
0.80
0.81
0.80
0.81
0.81
0.80
0.80
0.81
0.80
0.80
0.80
0.80
0.80
0.81
0.80
0.80
0.80
0.80
0.80
0.82
0.80
0.80
0.91
0.81
0.80
0.80
0.80
0.81
0.80
0.81
0.80
0.80
0.80
0.80
0.81
0.87
0.80
0.82
0.80
0.81
0.80
0.81
0.81
0.80
0.81
0.81
0.83
0.81
0.80
0.81
0.80
0.81
0.80
0.80
0.80
0.81
0.80
0.80
0.93
0.80
0.80
0.80
0.80
0.81
0.80
0.81
0.80
0.80
0.80
0.80
0.80
0.81
0.80
0.80
0.80
0.81
0.80
0.80
0.80
0.80
0.80
0.91
0.80
0.81
0.80
0.80
0.80
0.81
0.80
0.80
0.80
0.81
0.80
0.80
0.80
0.90
0.80
0.81
0.80
0.80
0.80
0.81
0.81
0.80
0.80
0.80
0.84
0.80
0.80
0.81
0.80
0.81
0.80
0.80
0.81
0.80
0.80
0.91
0.83
0.80
0.80
0.80
0.80
0.80
0.80
0.81
0.80
0.81
0.80
0.81
0.80
0.81
0.80
0.80
0.80
0.81
0.80
0.81
0.80
0.81
0.91
0.80
0.80
0.81
0.80
0.80
0.80
0.80
0.80
0.80
0.80
0.80
0.80
0.80
0.81
0.88
0.80
0.80
0.80
0.80
0.80
0.80
0.81
0.80
0.81
0.81
0.84
0.81
0.80
0.80
0.80
0.81
0.80
0.81
0.80
0.80
0.80
0.80
0.91
0.81
0.80
0.80
0.80
0.81
0.80
0.80
0.80
0.81
0.80
0.80
0.80
0.81
0.80
0.80
0.80
0.80
0.80
0.80
0.80
0.80
0.80
0.92
0.80
0.80
0.80
0.82
0.81
0.80
0.80
0.80
0.80
0.81
0.80
0.81
0.80
0.89
0.80
0.80
0.80
0.80
0.80
0.80
0.80
0.81
0.81
0.80
0.83
0.80
0.80
0.81
0.80
0.81
0.80
0.80
0.80
0.80
0.80
0.80
0.91
0.80
0.80
0.81
0.80
0.80
0.80
0.80
0.80
0.81
0.80
0.80
0.80
0.80
0.80
0.80
0.80
0.80
0.80
0.80
0.80
0.81
0.80
0.91
0.80
0.81
0.80
0.80
0.80
0.80
0.80
0.80
0.80
0.80
0.80
0.80
0.80
0.88
0.80
0.80
0.80
0.80
0.80
0.80
0.80
0.80
0.81
0.81
0.83
0.81
0.80
0.81
0.81
0.81
0.80
0.80
0.80
0.80
0.80
0.80
0.86
0.85
0.80
0.81
0.80
0.80
0.81
0.81
0.80
0.81
0.80
0.81
0.80
0.81
0.80
0.80
0.80
0.80
0.80
0.81
0.80
0.81
0.80
0.92
0.80
0.81
0.80
0.80
0.80
0.80
0.80
0.80
0.80
0.80
0.80
0.80
0.80
0.88
0.80
0.81
0.80
0.80
0.80
0.81
0.80
0.81
0.80
0.90
0.83
0.81
0.80
0.81
0.80
0.80
0.80
0.81
0.80
0.80
0.80
0.80
0.90
0.80
0.80
0.81
0.80
0.81
0.80
0.81
0.80
0.81
0.80
0.80
0.80
0.81
0.80
0.80
0.80
0.81
0.80
0.81
0.80
0.80
0.80
0.90
0.80
0.80
0.80
0.80
0.80
0.80
0.80
0.80
0.80
0.81
0.80
0.80
0.80
0.88
0.80
0.81
0.80
0.80
0.80
0.81
0.81
0.80
0.81
0.83
0.81
0.80
0.81
0.80
0.80
0.80
0.81
0.80
0.80
0.80
0.80
0.80
0.91
0.80
0.80
0.80
0.80
0.80
0.80
0.81
0.80
0.81
0.80
0.80
0.80
0.80
0.80
0.80
0.81
0.80
0.80
0.80
0.81
0.80
0.80
0.91
0.81
0.81
0.80
0.80
0.80
0.80
0.80
0.80
0.80
0.80
0.80
0.81
0.80
0.89
0.80
0.80
0.80
0.80
0.80
0.80
0.80
0.80
0.80
0.84
0.80
0.80
0.80
0.81
0.80
0.80
0.80
0.81
0.80
0.80
0.80
0.80
0.91
0.80
0.80
0.81
0.80
0.80
0.80
0.80
0.80
0.80
0.80
0.80
0.80
0.80
0.80
0.80
0.80
0.80
0.80
0.80
0.80
0.80
0.80
0.91
0.80
0.81
0.80
0.80
0.81
0.80
0.80
0.81
0.80
0.80
0.80
0.81
0.80
0.88
0.80
0.80
0.80
0.80
0.80
0.80
0.80
0.80
0.81
0.84
0.80
0.80
0.80
0.80
0.80
0.81
0.80
0.81
0.80
0.81
0.80
0.80
0.91
0.80
0.80
0.81
0.80
0.80
0.80
0.81
0.81
0.81
0.80
0.80
0.81
0.80
0.80
0.80
0.80
0.80
0.80
0.81
0.80
0.80
0.92
0.80
0.80
0.81
0.80
0.80
0.80
0.80
0.80
0.80
0.80
0.80
0.80
0.81
0.80
0.88
0.80
0.81
0.80
0.80
0.80
0.80
0.80
0.80
0.80
0.83
0.80
0.80
0.80
0.80
0.80
0.80
0.81
0.80
0.80
0.80
0.80
0.81
0.93
0.80
0.80
0.80
0.80
0.80
0.80
0.80
0.80
0.80
0.80
0.81
0.81
0.80
0.80
0.80
0.81
0.80
0.80
0.80
0.80
0.80
0.80
0.93
0.80
0.81
0.81
0.80
0.80
0.80
0.81
0.80
0.80
0.80
0.80
0.80
0.80
0.88
0.80
0.82
0.80
0.81
0.80
0.80
0.80
0.80
0.81
0.84
0.80
0.80
0.80
0.80
0.80
0.80
0.80
0.80
0.81
0.80
0.81
0.80
0.91
0.80
0.80
0.80
0.80
0.80
0.81
0.80
0.81
0.81
0.80
0.80
0.81
0.81
0.81
0.80
0.80
0.80
0.80
0.80
0.80
0.80
0.81
0.91
0.80
0.80
0.81
0.80
0.80
0.80
0.80
0.80
0.80
0.80
0.80
0.80
0.80
0.88
0.80
0.80
0.80
0.81
0.80
0.80
0.80
0.80
0.80
0.83
0.80
0.80
0.80
0.80
0.80
0.80
0.80
0.80
0.81
0.81
0.81
0.80
0.92
0.80
0.80
0.80
0.80
0.80
0.80
0.80
0.80
0.80
0.80
0.80
0.80
0.80
0.80
0.80
0.80
0.80
0.80
0.80
0.80
0.80
0.80
0.91
0.80
0.80
0.80
0.80
0.80
0.80
0.80
0.80
0.80
0.80
0.80
0.80
0.80
0.87
0.80
0.80
0.80
0.80
0.81
0.80
0.80
0.80
0.81
0.83
0.80
0.80
0.80
0.80
0.80
0.80
0.80
0.80
0.80
0.80
0.80
0.81
0.90
0.81
0.80
0.80
0.80
0.80
0.80
0.80
0.80
0.81
0.81
0.80
0.80
0.81
0.81
0.80
0.80
0.80
0.80
0.80
0.80
0.80
0.80
0.92
0.80
0.80
0.81
0.82
0.81
0.80
0.80
0.80
0.80
0.80
0.80
0.80
0.80
0.89
0.80
0.81
0.80
0.80
0.81
0.80
0.80
0.80
0.80
0.84
0.80
0.80
0.80
0.80
0.80
0.80
0.80
0.80
0.80
0.81
0.81
0.80
0.94
0.80
0.80
0.81
0.80
0.80
0.80
0.80
0.80
0.81
0.80
0.80
0.81
0.81
0.81
0.80
0.80
0.80
0.80
0.80
0.80
0.80
0.80
0.96
0.80
0.80
0.80
0.80
0.81
0.80
0.81
0.80
0.80
0.80
0.81
0.80
0.81
0.88
0.80
0.80
0.80
0.80
0.80
0.81
0.81
0.80
0.81
0.84
0.80
0.81
0.81
0.81
0.80
0.81
0.81
0.81
0.81
0.81
0.81
0.81
0.92
0.81
0.81
0.81
0.81
0.80
0.80
0.81
0.80
0.81
0.81
0.81
0.81
0.81
0.81
0.81
0.80
0.81
0.81
0.80
0.81
0.81
0.81
0.94
0.81
0.81
0.81
0.81
0.81
0.80
0.81
0.81
0.81
0.80
0.81
0.80
0.81
0.87
0.81
0.80
0.80
0.81
0.81
0.81
0.84
0.81
0.81
0.84
0.81
0.81
0.81
0.80
0.80
0.81
0.80
0.81
0.80
0.80
0.81
0.81
0.94
0.80
0.81
0.81
0.81
0.80
0.81
0.80
0.81
0.81
0.80
0.80
0.80
0.82
0.81
0.81
0.80
0.80
0.81
0.81
0.81
0.81
0.92
0.81
0.81
0.80
0.80
0.81
0.81
0.81
0.81
0.81
0.80
0.80
0.81
0.80
0.81
0.88
0.80
0.81
0.80
0.81
0.80
0.81
0.81
0.81
0.81
0.83
0.80
0.81
0.81
0.81
0.80
0.80
0.81
0.81
0.80
0.81
0.81
0.81
0.94
0.81
0.80
0.80
0.81
0.80
0.81
0.80
0.80
0.82
0.81
0.81
0.80
0.80
0.81
0.81
0.81
0.81
0.81
0.81
0.81
0.81
0.81
0.92
0.81
0.81
0.81
0.80
0.81
0.81
0.81
0.80
0.80
0.80
0.81
0.80
0.81
0.88
0.81
0.81
0.80
0.81
0.80
0.80
0.81
0.81
0.81
0.84
0.81
0.80
0.81
0.80
0.80
0.80
0.81
0.81
0.80
0.80
0.81
0.81
0.94
0.81
0.80
0.80
0.81
0.80
0.81
0.80
0.80
0.81
0.81
0.80
0.80
0.80
0.81
0.80
0.81
0.80
0.80
0.81
0.81
0.81
0.81
0.92
0.81
0.81
0.81
0.80
0.81
0.81
0.81
0.81
0.81
0.80
0.81
0.81
0.81
0.87
0.81
0.80
0.81
0.81
0.81
0.81
0.81
0.81
0.81
0.84
0.80
0.80
0.81
0.80
0.80
0.80
0.81
0.81
0.81
0.80
0.81
0.80
0.92
0.80
0.80
0.80
0.81
0.80
0.80
0.81
0.80
0.81
0.80
0.81
0.81
0.81
0.81
0.81
0.81
0.81
0.81
0.80
0.81
0.81
0.81
0.93
0.81
0.81
0.81
0.81
0.82
0.81
0.81
0.81
0.81
0.81
0.81
0.81
0.81
0.89
0.81
0.81
0.80
0.81
0.81
0.81
0.81
0.81
0.81
0.84
0.81
0.81
0.81
0.80
0.81
0.80
0.81
0.80
0.81
0.80
0.81
0.80
0.93
0.80
0.80
0.80
0.81
0.80
0.81
0.80
0.81
0.81
0.81
0.80
0.81
0.81
0.81
0.81
0.81
0.80
0.81
0.80
0.81
0.80
0.81
0.90
0.81
0.81
0.81
0.80
0.81
0.81
0.81
0.80
0.80
0.80
0.80
0.80
0.81
0.88
0.81
0.82
0.80
0.80
0.80
0.81
0.81
0.81
0.82
0.83
0.80
0.81
0.80
0.80
0.81
0.80
0.81
0.81
0.81
0.80
0.81
0.81
0.93
0.81
0.80
0.81
0.81
0.80
0.81
0.80
0.80
0.81
0.81
0.80
0.81
0.81
0.81
0.80
0.81
0.80
0.81
0.80
0.81
0.80
0.81
0.93
0.81
0.80
0.81
0.80
0.81
0.80
0.81
0.81
0.81
0.80
0.81
0.80
0.81
0.90
0.81
0.80
0.81
0.80
0.80
0.80
0.81
0.80
0.81
0.83
0.80
0.80
0.80
0.80
0.81
0.80
0.80
0.81
0.81
0.80
0.81
0.81
0.91
0.81
0.81
0.80
0.81
0.80
0.81
0.80
0.81
0.80
0.80
0.81
0.81
0.81
0.81
0.80
0.81
0.80
0.81
0.80
0.81
0.81
0.92
0.81
0.81
0.80
0.81
0.80
0.81
0.81
0.81
0.81
0.81
0.80
0.81
0.80
0.80
0.88
0.81
0.80
0.80
0.80
0.81
0.81
0.81
0.80
0.81
0.84
0.81
0.80
0.81
0.80
0.81
0.80
0.81
0.80
0.81
0.80
0.81
0.80
0.93
0.80
0.81
0.80
0.81
0.80
0.81
0.80
0.81
0.80
0.81
0.80
0.81
0.81
0.81
0.80
0.81
0.81
0.81
0.80
0.81
0.80
0.81
0.91
0.81
0.80
0.83
0.80
0.81
0.81
0.81
0.80
0.81
0.80
0.81
0.80
0.80
0.88
0.81
0.80
0.81
0.80
0.81
0.80
0.81
0.80
0.81
0.84
0.81
0.80
0.81
0.80
0.81
0.80
0.81
0.80
0.81
0.80
0.80
0.80
0.92
0.80
0.81
0.80
0.81
0.80
0.81
0.80
0.81
0.80
0.81
0.80
0.81
0.80
0.81
0.80
0.81
0.80
0.81
0.80
0.81
0.80
0.81
0.92
0.81
0.80
0.81
0.80
0.82
0.80
0.81
0.81
0.81
0.80
0.81
0.80
0.81
0.88
0.81
0.80
0.81
0.80
0.81
0.80
0.81
0.80
0.81
0.84
0.81
0.80
0.81
0.80
0.81
0.80
0.80
0.80
0.81
0.80
0.81
0.80
0.92
0.80
0.81
0.80
0.80
0.80
0.81
0.80
0.81
0.80
0.81
0.80
0.81
0.80
0.81
0.80
0.81
0.80
0.81
0.80
0.81
0.80
0.81
0.93
0.81
0.80
0.81
0.80
0.81
0.80
0.81
0.80
0.81
0.81
0.81
0.80
0.81
0.90
0.84
0.80
0.81
0.81
0.81
0.81
0.81
0.80
0.81
0.84
0.81
0.81
0.81
0.80
0.81
0.81
0.81
0.80
0.81
0.80
0.81
0.80
0.93
0.80
0.81
0.81
0.81
0.80
0.81
0.80
0.81
0.80
0.81
0.80
0.81
0.81
0.81
0.80
0.80
0.81
0.81
0.81
0.81
0.80
0.81
0.94
0.81
0.80
0.81
0.80
0.81
0.81
0.81
0.80
0.81
0.81
0.81
0.81
0.81
0.88
0.81
0.80
0.81
0.80
0.81
0.81
0.81
0.80
0.81
0.84
0.81
0.81
0.81
0.80
0.81
0.80
0.81
0.81
0.80
0.80
0.82
0.80
0.94
0.80
0.81
0.81
0.81
0.80
0.81
0.80
0.81
0.80
0.81
0.80
0.81
0.80
0.81
0.81
0.81
0.80
0.81
0.80
0.81
0.80
0.81
0.93
0.81
0.80
0.81
0.80
0.81
0.81
0.81
0.80
0.81
0.80
0.82
0.81
0.81
0.88
0.81
0.81
0.81
0.81
0.81
0.80
0.81
0.80
0.81
0.83
0.81
0.81
0.81
0.80
0.81
0.80
0.81
0.81
0.81
0.80
0.81
0.80
0.93
0.80
0.81
0.80
0.81
0.80
0.81
0.80
0.80
0.81
0.81
0.80
0.81
0.80
0.81
0.80
0.81
0.81
0.81
0.81
0.81
0.80
0.86
0.85
0.81
0.80
0.81
0.80
0.81
0.80
0.81
0.81
0.81
0.80
0.81
0.81
0.81
0.88
0.81
0.81
0.81
0.81
0.81
0.81
0.81
0.80
0.81
0.83
0.81
0.81
0.81
0.80
0.81
0.80
0.81
0.81
0.81
0.81
0.81
0.81
0.92
0.81
0.81
0.80
0.81
0.81
0.81
0.81
0.81
0.81
0.81
0.81
0.81
0.81
0.81
0.81
0.81
0.81
0.81
0.81
0.81
0.81
0.81
0.97
0.81
0.81
0.81
0.81
0.81
0.81
0.82
0.81
0.81
0.81
0.81
0.81
0.81
0.88
0.81
0.81
0.81
0.81
0.81
0.80
0.81
0.80
0.81
0.84
0.81
0.81
0.81
0.80
0.81
0.80
0.81
0.81
0.81
0.81
0.81
0.80
0.91
0.81
0.81
0.80
0.81
0.81
0.81
0.80
0.81
0.80
0.81
0.80
0.81
0.81
0.81
0.80
0.81
0.80
0.81
0.80
0.81
0.80
0.81
0.92
0.81
0.80
0.81
0.80
0.81
0.80
0.81
0.80
0.81
0.80
0.81
0.81
0.81
0.88
0.81
0.82
0.81
0.80
0.80
0.81
0.81
0.80
0.81
0.83
0.81
0.81
0.81
0.80
0.80
0.81
0.81
0.80
0.80
0.80
0.81
0.81
0.92
0.80
0.81
0.80
0.81
0.80
0.81
0.80
0.80
0.80
0.81
0.80
0.81
0.80
0.80
0.80
0.81
0.80
0.81
0.80
0.81
0.80
0.81
0.93
0.81
0.80
0.80
0.80
0.81
0.80
0.81
0.80
0.80
0.80
0.81
0.80
0.81
0.90
0.81
0.80
0.81
0.81
0.81
0.80
0.81
0.80
0.81
0.83
0.81
0.80
0.81
0.81
0.81
0.80
0.81
0.81
0.81
0.80
0.81
0.80
0.92
0.80
0.81
0.80
0.81
0.80
0.81
0.80
0.80
0.80
0.81
0.80
0.81
0.80
0.81
0.80
0.81
0.80
0.80
0.80
0.81
0.80
0.81
0.97
0.81
0.80
0.81
0.80
0.80
0.80
0.81
0.81
0.81
0.80
0.81
0.81
0.81
0.88
0.82
0.81
0.80
0.81
0.81
0.80
0.81
0.80
0.81
0.83
0.81
0.80
0.81
0.81
0.81
0.80
0.81
0.81
0.81
0.80
0.81
0.93
0.81
0.80
0.81
0.80
0.80
0.80
0.81
0.80
0.81
0.80
0.80
0.80
0.80
0.80
0.81
0.80
0.81
0.81
0.80
0.80
0.81
0.91
0.81
0.80
0.81
0.80
0.82
0.81
0.81
0.80
0.81
0.80
0.81
0.80
0.81
0.80
0.80
0.88
0.81
0.80
0.80
0.80
0.81
0.80
0.81
0.80
0.80
0.83
0.81
0.80
0.81
0.80
0.81
0.80
0.81
0.81
0.80
0.81
0.81
0.80
0.90
0.80
0.80
0.80
0.80
0.80
0.80
0.81
0.81
0.80
0.81
0.80
0.81
0.80
0.81
0.81
0.81
0.80
0.80
0.80
0.81
0.80
0.81
0.93
0.81
0.81
0.81
0.80
0.82
0.80
0.81
0.80
0.81
0.80
0.80
0.80
0.81
0.92
0.81
0.80
0.80
0.80
0.81
0.80
0.81
0.80
0.81
0.83
0.80
0.81
0.80
0.80
0.81
0.80
0.81
0.80
0.80
0.80
0.81
0.92
0.80
0.80
0.81
0.80
0.80
0.80
0.80
0.81
0.80
0.80
0.80
0.80
0.81
0.80
0.81
0.80
0.81
0.81
0.81
0.80
0.81
0.80
0.93
0.80
0.80
0.80
0.81
0.80
0.81
0.80
0.81
0.80
0.81
0.80
0.80
0.80
0.80
0.89
0.81
0.80
0.80
0.80
0.81
0.80
0.81
0.80
0.84
0.84
0.81
0.81
0.81
0.80
0.81
0.81
0.81
0.81
0.81
0.80
0.81
0.80
0.91
0.80
0.81
0.80
0.81
0.80
0.81
0.80
0.81
0.80
0.80
0.80
0.81
0.80
0.81
0.80
0.81
0.81
0.81
0.80
0.81
0.80
0.81
0.93
0.81
0.80
0.81
0.80
0.81
0.80
0.81
0.81
0.80
0.81
0.81
0.81
0.80
0.88
0.81
0.80
0.81
0.80
0.80
0.80
0.80
0.80
0.81
0.83
0.81
0.80
0.80
0.80
0.80
0.80
0.81
0.80
0.81
0.80
0.81
0.86
0.86
0.80
0.81
0.80
0.81
0.80
0.80
0.80
0.81
0.80
0.81
0.80
0.81
0.80
0.81
0.80
0.81
0.80
0.81
0.80
0.81
0.80
0.81
0.92
0.81
0.80
0.80
0.80
0.81
0.81
0.80
0.80
0.80
0.81
0.80
0.80
0.80
0.90
0.81
0.80
0.81
0.80
0.81
0.80
0.80
0.80
0.80
0.84
0.81
0.81
0.81
0.80
0.80
0.80
0.81
0.80
0.80
0.80
0.80
0.94
0.81
0.80
0.80
0.80
0.80
0.81
0.81
0.80
0.81
0.81
0.81
0.80
0.80
0.80
0.81
0.80
0.81
0.80
0.81
0.81
0.92
0.80
0.81
0.80
0.81
0.80
0.81
0.80
0.81
0.81
0.81
0.80
0.81
0.80
0.81
0.80
0.81
0.88
0.81
0.80
0.81
0.80
0.81
0.80
0.81
0.80
0.81
0.84
0.81
0.80
0.81
0.80
0.81
0.80
0.81
0.81
0.81
0.80
0.81
0.80
0.92
0.80
0.81
0.80
0.81
0.80
0.80
0.80
0.81
0.81
0.81
0.80
0.81
0.80
0.80
0.80
0.80
0.80
0.81
0.81
0.81
0.80
0.92
0.80
0.81
0.80
0.81
0.80
0.82
0.81
0.81
0.80
0.81
0.81
0.81
0.80
0.82
0.88
0.81
0.81
0.80
0.80
0.81
0.80
0.81
0.80
0.81
0.83
0.80
0.81
0.80
0.80
0.81
0.80
0.81
0.80
0.80
0.80
0.81
0.92
0.80
0.80
0.81
0.80
0.80
0.80
0.81
0.80
0.81
0.80
0.81
0.80
0.81
0.80
0.80
0.80
0.80
0.80
0.80
0.80
0.81
0.80
0.91
0.80
0.80
0.81
0.80
0.80
0.80
0.81
0.80
0.80
0.80
0.80
0.80
0.81
0.80
0.88
0.82
0.80
0.81
0.80
0.80
0.80
0.81
0.80
0.81
0.84
0.81
0.80
0.80
0.80
0.80
0.80
0.80
0.81
0.80
0.80
0.80
0.80
0.93
0.80
0.81
0.80
0.80
0.80
0.81
0.81
0.81
0.80
0.81
0.80
0.81
0.80
0.80
0.80
0.80
0.80
0.80
0.80
0.81
0.80
0.80
0.93
0.80
0.81
0.80
0.80
0.80
0.80
0.80
0.80
0.80
0.80
0.80
0.80
0.80
0.89
0.81
0.80
0.81
0.80
0.80
0.80
0.80
0.80
0.80
0.83
0.80
0.80
0.80
0.80
0.80
0.80
0.80
0.81
0.81
0.80
0.80
0.90
0.80
0.80
0.80
0.80
0.80
0.80
0.80
0.80
0.80
0.81
0.80
0.81
0.81
0.80
0.80
0.80
0.80
0.80
0.80
0.80
0.80
0.80
0.86
0.86
0.80
0.80
0.81
0.80
0.80
0.80
0.80
0.80
0.80
0.80
0.80
0.80
0.80
0.87
0.80
0.80
0.81
0.80
0.80
0.80
0.80
0.80
0.81
0.83
0.80
0.80
0.80
0.80
0.80
0.80
0.80
0.80
0.81
0.80
0.80
0.92
0.80
0.80
0.80
0.80
0.80
0.80
0.81
0.80
0.80
0.80
0.80
0.81
0.80
0.80
0.80
0.80
0.80
0.80
0.80
0.80
0.81
0.80
0.93
0.80
0.80
0.80
0.82
0.80
0.81
0.80
0.80
0.80
0.80
0.80
0.80
0.80
0.81
0.88
0.80
0.80
0.80
0.81
0.80
0.80
0.80
0.80
0.80
0.84
0.80
0.80
0.80
0.80
0.81
0.80
0.80
0.80
0.81
0.80
0.81
0.80
0.93
0.80
0.80
0.80
0.80
0.80
0.80
0.80
0.80
0.80
0.80
0.80
0.80
0.80
0.80
0.80
0.80
0.80
0.81
0.80
0.80
0.80
0.81
0.93
0.80
0.80
0.81
0.80
0.81
0.80
0.80
0.80
0.80
0.80
0.80
0.80
0.81
0.87
0.80
0.80
0.80
0.80
0.81
0.81
0.80
0.80
0.81
0.83
0.80
0.80
0.80
0.80
0.80
0.80
0.80
0.80
0.80
0.81
0.80
0.93
0.80
0.80
0.80
0.80
0.80
0.80
0.80
0.80
0.80
0.80
0.80
0.80
0.80
0.80
0.80
0.80
0.80
0.80
0.80
0.80
0.80
0.81
0.93
0.80
0.80
0.80
0.80
0.80
0.80
0.80
0.80
0.80
0.80
0.80
0.80
0.80
0.80
0.88
0.82
0.85
0.80
0.80
0.80
0.80
0.81
0.80
0.80
0.83
0.80
0.80
0.80
0.80
0.80
0.80
0.80
0.80
0.80
0.80
0.91
0.80
0.91
0.81
0.80
0.80
0.80
0.80
0.80
0.80
0.80
0.80
0.80
0.80
0.81
0.80
0.80
0.80
0.81
0.80
0.80
0.80
0.80
0.81
0.80
0.91
0.80
0.80
0.80
0.81
0.80
0.80
0.80
0.80
0.81
0.80
0.80
0.80
0.80
0.87
0.80
0.80
0.80
0.80
0.81
0.80
0.80
0.80
0.81
0.84
0.80
0.80
0.80
0.80
0.80
0.80
0.80
0.80
0.80
0.80
0.80
0.91
0.80
0.80
0.80
0.80
0.80
0.80
0.80
0.80
0.81
0.80
0.80
0.80
0.81
0.80
0.80
0.80
0.80
0.80
0.80
0.80
0.80
0.80
0.91
0.80
0.80
0.80
0.80
0.80
0.81
0.80
0.80
0.80
0.80
0.80
0.80
0.80
0.80
0.86
0.81
0.81
0.80
0.80
0.80
0.80
0.80
0.80
0.80
0.84
0.80
0.80
0.80
0.80
0.80
0.80
0.80
0.80
0.80
0.80
0.81
0.91
0.80
0.80
0.80
0.81
0.80
0.80
0.80
0.80
0.80
0.80
0.81
0.80
0.80
0.80
0.80
0.80
0.81
0.80
0.80
0.80
0.80
0.80
0.91
0.80
0.81
0.80
0.80
0.80
0.81
0.80
0.80
0.80
0.80
0.80
0.80
0.80
0.80
0.87
0.80
0.80
0.80
0.80
0.80
0.80
0.80
0.80
0.81
0.83
0.81
0.80
0.80
0.80
0.80
0.80
0.80
0.80
0.80
0.80
0.81
0.90
0.80
0.80
0.80
0.80
0.80
0.80
0.80
0.80
0.80
0.80
0.80
0.80
0.81
0.80
0.80
0.80
0.80
0.81
0.80
0.80
0.80
0.80
0.91
0.80
0.80
0.80
0.80
0.80
0.81
0.81
0.80
0.80
0.80
0.80
0.80
0.80
0.81
0.90
0.80
0.80
0.80
0.80
0.80
0.80
0.80
0.80
0.80
0.84
0.81
0.80
0.80
0.80
0.80
0.80
0.80
0.80
0.80
0.80
0.80
0.91
0.80
0.80
0.80
0.80
0.80
0.80
0.80
0.80
0.81
0.80
0.80
0.80
0.80
0.80
0.81
0.80
0.80
0.80
0.80
0.80
0.80
0.80
0.91
0.80
0.80
0.80
0.80
0.80
0.81
0.81
0.80
0.80
0.80
0.80
0.80
0.80
0.80
0.87
0.82
0.80
0.80
0.80
0.80
0.80
0.81
0.80
0.81
0.84
0.80
0.80
0.80
0.80
0.80
0.80
0.80
0.80
0.80
0.80
0.81
0.87
0.86
0.80
0.80
0.81
0.80
0.80
0.80
0.80
0.81
0.80
0.80
0.80
0.81
0.81
0.80
0.80
0.80
0.80
0.81
0.80
0.80
0.80
0.80
0.91
0.81
0.80
0.80
0.80
0.81
0.80
0.81
0.80
0.80
0.81
0.80
0.80
0.80
0.88
0.80
0.80
0.81
0.80
0.80
0.80
0.80
0.80
0.80
0.83
0.81
0.80
0.80
0.80
0.81
0.81
0.80
0.80
0.80
0.80
0.80
0.91
0.80
0.80
0.80
0.81
0.80
0.80
0.80
0.80
0.80
0.80
0.80
0.80
0.80
0.80
0.80
0.80
0.80
0.81
0.80
0.80
0.80
0.80
0.91
0.80
0.80
0.80
0.80
0.80
0.80
0.81
0.81
0.80
0.80
0.81
0.81
0.80
0.80
0.90
0.81
0.80
0.81
0.80
0.80
0.80
0.81
0.80
0.81
0.84
0.80
0.81
0.80
0.80
0.80
0.81
0.81
0.80
0.80
0.80
0.80
0.92
0.81
0.80
0.81
0.80
0.81
0.80
0.80
0.80
0.81
0.80
0.81
0.80
0.80
0.80
0.81
0.80
0.80
0.80
0.81
0.81
0.81
0.80
0.91
0.80
0.81
0.80
0.82
0.80
0.81
0.80
0.81
0.80
0.80
0.80
0.81
0.80
0.80
0.88
0.80
0.80
0.80
0.81
0.81
0.80
0.80
0.80
0.80
0.84
0.80
0.81
0.81
0.80
0.81
0.80
0.81
0.81
0.81
0.80
0.80
0.91
0.80
0.80
0.81
0.81
0.81
0.81
0.81
0.80
0.80
0.80
0.80
0.81
0.80
0.80
0.81
0.80
0.81
0.80
0.81
0.81
0.81
0.92
0.81
0.81
0.81
0.80
0.81
0.81
0.81
0.80
0.81
0.80
0.81
0.80
0.81
0.80
0.81
0.88
0.81
0.80
0.80
0.80
0.81
0.80
0.81
0.80
0.81
0.84
0.81
0.81
0.81
0.80
0.81
0.81
0.80
0.81
0.80
0.81
0.81
0.80
0.91
0.80
0.81
0.80
0.81
0.81
0.81
0.80
0.81
0.80
0.81
0.80
0.81
0.81
0.80
0.80
0.80
0.80
0.81
0.80
0.81
0.80
0.91
0.81
0.81
0.81
0.80
0.80
0.81
0.81
0.81
0.80
0.81
0.80
0.80
0.81
0.80
0.87
0.81
0.80
0.81
0.80
0.80
0.80
0.81
0.80
0.83
0.83
0.81
0.81
0.81
0.80
0.80
0.80
0.80
0.80
0.80
0.81
0.81
0.93
0.81
0.80
0.80
0.80
0.80
0.80
0.81
0.80
0.80
0.81
0.81
0.80
0.81
0.80
0.81
0.81
0.80
0.80
0.80
0.81
0.81
0.80
0.88
0.83
0.81
0.81
0.81
0.80
0.81
0.81
0.81
0.80
0.80
0.80
0.81
0.81
0.80
0.88
0.81
0.80
0.81
0.80
0.80
0.81
0.81
0.81
0.81
0.83
0.81
0.80
0.81
0.80
0.80
0.81
0.80
0.81
0.80
0.81
0.80
0.93
0.81
0.80
0.81
0.80
0.80
0.80
0.81
0.80
0.81
0.81
0.81
0.80
0.81
0.80
0.81
0.81
0.81
0.80
0.81
0.80
0.81
0.80
0.90
0.80
0.81
0.81
0.81
0.80
0.81
0.80
0.80
0.80
0.80
0.80
0.81
0.81
0.81
0.88
0.81
0.80
0.81
0.81
0.80
0.80
0.80
0.80
0.81
0.83
0.81
0.81
0.80
0.81
0.80
0.81
0.80
0.81
0.81
0.80
0.81
0.80
0.96
0.81
0.80
0.80
0.80
0.80
0.81
0.80
0.81
0.80
0.80
0.81
0.81
0.80
0.80
0.80
0.81
0.80
0.81
0.80
0.81
0.81
0.93
0.80
0.81
0.80
0.81
0.81
0.81
0.80
0.80
0.80
0.81
0.80
0.81
0.80
0.81
0.91
0.81
0.80
0.81
0.80
0.81
0.81
0.81
0.80
0.81
0.84
0.81
0.82
0.81
0.81
0.81
0.81
0.80
0.81
0.80
0.80
0.81
0.80
0.92
0.80
0.81
0.81
0.80
0.80
0.81
0.80
0.81
0.80
0.80
0.80
0.81
0.81
0.81
0.80
0.80
0.80
0.81
0.81
0.81
0.81
0.91
0.80
0.80
0.80
0.81
0.81
0.81
0.80
0.80
0.80
0.80
0.81
0.81
0.80
0.81
0.88
0.81
0.80
0.80
0.80
0.80
0.80
0.81
0.80
0.81
0.83
0.81
0.81
0.80
0.80
0.81
0.80
0.81
0.80
0.80
0.80
0.81
0.92
0.80
0.80
0.80
0.80
0.81
0.80
0.80
0.80
0.81
0.81
0.81
0.80
0.81
0.80
0.81
0.80
0.81
0.80
0.81
0.80
0.81
0.80
0.92
0.80
0.80
0.80
0.81
0.80
0.81
0.80
0.81
0.80
0.81
0.80
0.81
0.80
0.80
0.88
0.82
0.80
0.81
0.80
0.81
0.80
0.80
0.80
0.81
0.83
0.81
0.80
0.81
0.80
0.81
0.80
0.80
0.80
0.80
0.80
0.80
0.93
0.80
0.80
0.81
0.80
0.81
0.80
0.81
0.81
0.81
0.80
0.80
0.80
0.81
0.80
0.80
0.80
0.81
0.80
0.81
0.80
0.81
0.80
0.93
0.81
0.80
0.80
0.81
0.81
0.81
0.80
0.81
0.80
0.81
0.80
0.80
0.80
0.81
0.90
0.81
0.80
0.81
0.80
0.81
0.80
0.81
0.80
0.81
0.83
0.81
0.80
0.80
0.80
0.81
0.81
0.81
0.80
0.81
0.81
0.81
0.91
0.81
0.80
0.80
0.80
0.81
0.80
0.80
0.80
0.81
0.80
0.81
0.80
0.81
0.80
0.81
0.80
0.81
0.80
0.81
0.80
0.81
0.80
0.94
0.81
0.81
0.80
0.81
0.80
0.81
0.81
0.81
0.80
0.80
0.80
0.81
0.80
0.80
0.87
0.81
0.80
0.80
0.80
0.81
0.80
0.80
0.80
0.81
0.83
0.81
0.80
0.81
0.80
0.80
0.80
0.80
0.80
0.81
0.80
0.81
0.90
0.81
0.80
0.80
0.80
0.80
0.80
0.81
0.80
0.81
0.80
0.81
0.80
0.81
0.80
0.80
0.80
0.81
0.80
0.81
0.80
0.81
0.80
0.92
0.80
0.80
0.81
0.82
0.81
0.81
0.80
0.81
0.80
0.81
0.80
0.81
0.80
0.81
0.87
0.81
0.80
0.80
0.80
0.81
0.80
0.81
0.80
0.81
0.83
0.80
0.81
0.81
0.80
0.81
0.80
0.81
0.81
0.81
0.80
0.81
0.80
0.93
0.80
0.81
0.80
0.80
0.80
0.81
0.80
0.81
0.80
0.81
0.80
0.81
0.81
0.81
0.80
0.81
0.80
0.81
0.80
0.81
0.80
0.91
0.80
0.81
0.80
0.81
0.81
0.81
0.80
0.81
0.80
0.81
0.80
0.81
0.80
0.83
0.86
0.81
0.81
0.81
0.80
0.81
0.80
0.80
0.80
0.81
0.83
0.81
0.80
0.81
0.80
0.80
0.80
0.81
0.80
0.81
0.80
0.81
0.90
0.81
0.80
0.80
0.80
0.80
0.80
0.81
0.80
0.81
0.80
0.81
0.80
0.81
0.80
0.81
0.80
0.81
0.80
0.81
0.80
0.81
0.80
0.91
0.80
0.81
0.81
0.81
0.80
0.81
0.80
0.81
0.80
0.81
0.80
0.81
0.80
0.88
0.83
0.81
0.80
0.81
0.80
0.81
0.80
0.81
0.80
0.84
0.83
0.81
0.80
0.81
0.80
0.81
0.80
0.81
0.81
0.81
0.80
0.81
0.91
0.81
0.80
0.81
0.80
0.80
0.80
0.81
0.80
0.81
0.80
0.81
0.80
0.81
0.80
0.81
0.80
0.80
0.80
0.81
0.80
0.81
0.80
0.91
0.80
0.81
0.80
0.81
0.80
0.80
0.80
0.81
0.80
0.81
0.80
0.81
0.80
0.88
0.80
0.81
0.80
0.81
0.80
0.80
0.80
0.80
0.80
0.81
0.83
0.81
0.80
0.81
0.80
0.81
0.80
0.81
0.80
0.81
0.81
0.81
0.92
0.81
0.80
0.81
0.80
0.81
0.80
0.81
0.80
0.81
0.80
0.81
0.80
0.80
0.80
0.81
0.80
0.81
0.80
0.81
0.80
0.81
0.91
0.81
0.80
0.81
0.80
0.81
0.80
0.81
0.81
0.81
0.80
0.81
0.80
0.81
0.80
0.88
0.80
0.81
0.80
0.81
0.81
0.81
0.80
0.81
0.80
0.81
0.83
0.81
0.80
0.81
0.80
0.81
0.80
0.81
0.80
0.81
0.80
0.81
0.91
0.81
0.80
0.81
0.81
0.81
0.80
0.81
0.80
0.81
0.80
0.81
0.81
0.81
0.80
0.81
0.81
0.81
0.80
0.81
0.80
0.81
0.80
0.92
0.80
0.81
0.80
0.81
0.81
0.81
0.81
0.81
0.81
0.81
0.80
0.81
0.80
0.88
0.80
0.81
0.80
0.81
0.80
0.81
0.80
0.81
0.80
0.81
0.83
0.81
0.80
0.80
0.80
0.81
0.80
0.81
0.80
0.81
0.81
0.81
0.92
0.81
0.80
0.81
0.80
0.81
0.80
0.81
0.81
0.81
0.80
0.81
0.80
0.81
0.80
0.82
0.80
0.81
0.81
0.81
0.80
0.81
0.80
0.94
0.80
0.81
0.80
0.81
0.81
0.81
0.80
0.81
0.80
0.81
0.80
0.81
0.80
0.88
0.80
0.81
0.80
0.81
0.80
0.81
0.80
0.81
0.80
0.81
0.83
0.81
0.80
0.81
0.80
0.81
0.81
0.81
0.81
0.81
0.81
0.81
0.92
0.81
0.80
0.81
0.80
0.81
0.80
0.81
0.80
0.81
0.80
0.81
0.80
0.81
0.81
0.81
0.80
0.81
0.80
0.81
0.80
0.81
0.94
0.81
0.80
0.81
0.80
0.81
0.80
0.81
0.80
0.81
0.80
0.81
0.80
0.81
0.80
0.90
0.80
0.82
0.80
0.81
0.80
0.81
0.81
0.81
0.80
0.81
0.83
0.81
0.81
0.81
0.80
0.80
0.81
0.81
0.80
0.81
0.81
0.81
0.92
0.81
0.80
0.81
0.80
0.81
0.80
0.81
0.81
0.81
0.80
0.81
0.80
0.81
0.81
0.81
0.80
0.81
0.80
0.81
0.80
0.81
0.80
0.92
0.80
0.81
0.80
0.81
0.80
0.81
0.80
0.81
0.81
0.81
0.80
0.81
0.80
0.91
0.80
0.81
0.80
0.81
0.80
0.81
0.81
0.81
0.80
0.81
0.83
0.81
0.81
0.81
0.80
0.81
0.81
0.81
0.80
0.81
0.81
0.81
0.93
0.81
0.80
0.81
0.80
0.81
0.80
0.81
0.80
0.81
0.81
0.81
0.80
0.81
0.81
0.81
0.80
0.81
0.80
0.81
0.80
0.80
0.81
0.93
0.80
0.81
0.80
0.81
0.80
0.81
0.81
0.81
0.80
0.81
0.80
0.81
0.80
0.88
0.80
0.81
0.81
0.81
0.80
0.81
0.80
0.81
0.81
0.81
0.83
0.81
0.81
0.81
0.80
0.81
0.80
0.81
0.81
0.81
0.80
0.81
0.91
0.81
0.80
0.81
0.80
0.81
0.80
0.81
0.80
0.81
0.81
0.80
0.80
0.81
0.80
0.81
0.80
0.81
0.80
0.80
0.80
0.81
0.80
0.92
0.81
0.81
0.80
0.83
0.81
0.81
0.81
0.81
0.81
0.81
0.80
0.81
0.80
0.88
0.80
0.81
0.81
0.81
0.80
0.81
0.80
0.81
0.80
0.82
0.82
0.81
0.80
0.81
0.80
0.81
0.80
0.81
0.80
0.80
0.80
0.81
0.91
0.80
0.80
0.81
0.80
0.80
0.80
0.81
0.80
0.81
0.80
0.81
0.80
0.81
0.80
0.81
0.80
0.80
0.80
0.81
0.80
0.81
0.85
0.86
0.81
0.81
0.80
0.81
0.81
0.81
0.81
0.81
0.80
0.81
0.80
0.81
0.80
0.88
0.80
0.81
0.80
0.81
0.80
0.81
0.80
0.81
0.81
0.84
0.80
0.81
0.80
0.81
0.80
0.80
0.80
0.81
0.81
0.81
0.80
0.91
0.80
0.81
0.80
0.81
0.80
0.80
0.81
0.81
0.80
0.81
0.80
0.81
0.80
0.81
0.81
0.81
0.81
0.81
0.80
0.92
0.81
0.81
0.80
0.81
0.80
0.80
0.81
0.81
0.81
0.81
0.81
0.81
0.80
0.81
0.80
0.81
0.80
0.87
0.80
0.81
0.80
0.81
0.81
0.81
0.80
0.80
0.80
0.87
0.80
0.81
0.80
0.81
0.81
0.81
0.80
0.81
0.80
0.81
0.80
0.81
0.91
0.81
0.80
0.81
0.80
0.81
0.80
0.81
0.80
0.81
0.80
0.81
0.80
0.81
0.80
0.81
0.80
0.81
0.80
0.81
0.80
0.81
0.80
0.92
0.81
0.81
0.80
0.80
0.81
0.81
0.81
0.81
0.80
0.81
0.80
0.81
0.80
0.90
0.80
0.81
0.80
0.80
0.80
0.81
0.81
0.81
0.81
0.84
0.81
0.81
0.81
0.80
0.80
0.81
0.80
0.81
0.80
0.81
0.81
0.81
0.91
0.80
0.81
0.80
0.81
0.81
0.80
0.81
0.80
0.81
0.81
0.80
0.80
0.81
0.81
0.81
0.80
0.81
0.80
0.81
0.81
0.81
0.81
0.92
0.81
0.81
0.81
0.81
0.80
0.81
0.81
0.81
0.81
0.81
0.81
0.81
0.80
0.88
0.81
0.81
0.81
0.80
0.81
0.81
0.80
0.81
0.81
0.84
0.80
0.80
0.81
0.80
0.81
0.80
0.80
0.81
0.80
0.81
0.81
0.81
0.93
0.81
0.81
0.81
0.80
0.81
0.80
0.80
0.81
0.81
0.81
0.80
0.81
0.81
0.80
0.80
0.80
0.81
0.80
0.80
0.81
0.81
0.81
0.93
0.80
0.81
0.81
0.81
0.81
0.81
0.81
0.81
0.81
0.81
0.81
0.80
0.81
0.88
0.81
0.81
0.81
0.81
0.81
0.81
0.80
0.81
0.81
0.84
0.80
0.81
0.81
0.80
0.80
0.81
0.80
0.81
0.80
0.81
0.80
0.80
0.93
0.80
0.81
0.81
0.80
0.81
0.80
0.81
0.80
0.80
0.81
0.81
0.81
0.81
0.80
0.81
0.80
0.81
0.81
0.81
0.80
0.81
0.81
0.93
0.80
0.81
0.80
0.81
0.81
0.80
0.81
0.80
0.82
0.81
0.80
0.81
0.80
0.88
0.81
0.81
0.82
0.81
0.81
0.81
0.81
0.81
0.80
0.84
0.81
0.81
0.81
0.80
0.80
0.81
0.81
0.81
0.80
0.81
0.80
0.95
0.81
0.81
0.80
0.81
0.80
0.81
0.80
0.81
0.80
0.81
0.81
0.80
0.81
0.81
0.81
0.81
0.80
0.81
0.81
0.81
0.81
0.80
0.98
0.80
0.80
0.81
0.80
0.81
0.80
0.80
0.81
0.80
0.80
0.81
0.81
0.81
0.80
0.88
0.80
0.83
0.81
0.80
0.80
0.81
0.81
0.81
0.81
0.84
0.81
0.81
0.81
0.80
0.81
0.80
0.80
0.81
0.80
0.81
0.80
0.80
0.92
0.80
0.81
0.81
0.80
0.81
0.80
0.80
0.80
0.80
0.81
0.80
0.81
0.81
0.81
0.81
0.80
0.80
0.81
0.80
0.80
0.80
0.81
0.92
0.80
0.80
0.81
0.80
0.80
0.81
0.81
0.80
0.80
0.81
0.81
0.81
0.80
0.88
0.81
0.81
0.80
0.80
0.80
0.80
0.81
0.80
0.80
0.84
0.80
0.81
0.81
0.81
0.80
0.80
0.80
0.81
0.80
0.80
0.81
0.81
0.94
0.80
0.81
0.80
0.81
0.80
0.80
0.80
0.80
0.80
0.81
0.80
0.80
0.80
0.81
0.80
0.80
0.80
0.80
0.81
0.81
0.81
0.91
0.80
0.81
0.80
0.81
0.80
0.81
0.80
0.81
0.81
0.80
0.80
0.81
0.81
0.81
0.90
0.81
0.80
0.81
0.80
0.81
0.80
0.80
0.81
0.81
0.83
0.81
0.81
0.81
0.80
0.81
0.81
0.81
0.80
0.80
0.80
0.80
0.80
0.92
0.80
0.81
0.80
0.81
0.81
0.81
0.80
0.80
0.80
0.81
0.80
0.80
0.81
0.81
0.80
0.80
0.80
0.81
0.81
0.81
0.80
0.80
0.94
0.81
0.80
0.81
0.82
0.81
0.81
0.81
0.81
0.81
0.80
0.81
0.80
0.80
0.88
0.81
0.80
0.80
0.81
0.81
0.80
0.81
0.80
0.81
0.83
0.81
0.80
0.81
0.80
0.81
0.80
0.81
0.80
0.80
0.80
0.80
0.80
0.92
0.80
0.80
0.80
0.81
0.81
0.81
0.80
0.81
0.80
0.81
0.80
0.80
0.81
0.81
0.80
0.80
0.80
0.81
0.81
0.81
0.81
0.80
0.94
0.81
0.80
0.81
0.80
0.80
0.81
0.81
0.80
0.81
0.80
0.80
0.81
0.81
0.88
0.80
0.81
0.81
0.81
0.81
0.80
0.81
0.80
0.81
0.83
0.81
0.81
0.81
0.80
0.81
0.80
0.81
0.81
0.81
0.80
0.80
0.80
0.93
0.80
0.80
0.80
0.81
0.81
0.80
0.80
0.80
0.80
0.81
0.80
0.81
0.80
0.80
0.81
0.81
0.80
0.80
0.80
0.81
0.81
0.92
0.80
0.81
0.80
0.81
0.80
0.81
0.80
0.81
0.81
0.81
0.80
0.81
0.80
0.81
0.88
0.81
0.80
0.81
0.81
0.80
0.80
0.81
0.84
0.81
0.83
0.81
0.81
0.81
0.81
0.80
0.81
0.81
0.80
0.80
0.80
0.81
0.93
0.80
0.80
0.80
0.81
0.80
0.81
0.81
0.80
0.81
0.80
0.81
0.81
0.81
0.81
0.80
0.81
0.81
0.81
0.81
0.80
0.80
0.81
0.94
0.81
0.80
0.80
0.81
0.80
0.81
0.80
0.81
0.80
0.81
0.80
0.81
0.80
0.81
0.88
0.81
0.80
0.81
0.80
0.81
0.80
0.81
0.80
0.81
0.83
0.80
0.81
0.81
0.81
0.81
0.80
0.81
0.80
0.81
0.80
0.82
0.81
0.94
0.80
0.81
0.81
0.81
0.80
0.81
0.80
0.81
0.80
0.81
0.80
0.81
0.80
0.81
0.80
0.81
0.80
0.81
0.80
0.81
0.81
0.80
0.93
0.81
0.81
0.80
0.80
0.81
0.81
0.81
0.80
0.81
0.81
0.81
0.81
0.81
0.88
0.81
0.80
0.81
0.81
0.81
0.80
0.81
0.81
0.81
0.84
0.81
0.81
0.81
0.81
0.81
0.80
0.81
0.81
0.81
0.80
0.80
0.80
0.93
0.80
0.81
0.80
0.81
0.80
0.81
0.81
0.80
0.80
0.81
0.80
0.81
0.80
0.81
0.80
0.81
0.80
0.81
0.81
0.81
0.80
0.81
0.94
0.81
0.80
0.81
0.80
0.81
0.80
0.81
0.80
0.81
0.80
0.81
0.81
0.81
0.90
0.81
0.80
0.81
0.80
0.80
0.80
0.81
0.81
0.81
0.84
0.80
0.80
0.81
0.80
0.81
0.80
0.80
0.81
0.81
0.80
0.80
0.80
0.92
0.81
0.81
0.80
0.80
0.81
0.81
0.81
0.81
0.81
0.81
0.80
0.82
0.80
0.81
0.80
0.81
0.80
0.81
0.80
0.81
0.80
0.81
0.94
0.80
0.80
0.81
0.80
0.80
0.80
0.81
0.80
0.81
0.80
0.81
0.81
0.81
0.91
0.81
0.80
0.81
0.80
0.81
0.80
0.81
0.80
0.81
0.83
0.81
0.81
0.81
0.80
0.81
0.80
0.81
0.80
0.80
0.80
0.80
0.80
0.91
0.80
0.81
0.81
0.81
0.82
0.81
0.80
0.81
0.80
0.81
0.80
0.81
0.80
0.81
0.80
0.80
0.80
0.81
0.80
0.81
0.80
0.81
0.92
0.81
0.80
0.80
0.80
0.81
0.81
0.81
0.81
0.80
0.81
0.81
0.81
0.80
0.88
0.81
0.82
0.81
0.80
0.81
0.81
0.81
0.80
0.81
0.84
0.81
0.80
0.81
0.81
0.81
0.81
0.81
0.81
0.81
0.80
0.81
0.80
0.93
0.80
0.80
0.80
0.81
0.80
0.80
0.80
0.81
0.80
0.81
0.80
0.80
0.81
0.81
0.80
0.81
0.80
0.81
0.80
0.81
0.81
0.81
0.93
0.81
0.81
0.81
0.80
0.80
0.81
0.81
0.80
0.81
0.80
0.81
0.80
0.81
0.88
0.81
0.81
0.81
0.80
0.81
0.80
0.81
0.80
0.81
0.83
0.81
0.81
0.81
0.81
0.81
0.81
0.81
0.80
0.80
0.80
0.81
0.80
0.96
0.81
0.80
0.80
0.80
0.80
0.81
0.80
0.81
0.80
0.81
0.80
0.81
0.81
0.81
0.81
0.80
0.80
0.80
0.81
0.81
0.80
0.81
0.95
0.81
0.80
0.81
0.80
0.81
0.80
0.81
0.80
0.81
0.80
0.81
0.80
0.81
0.88
0.80
0.82
0.81
0.80
0.80
0.80
0.81
0.80
0.81
0.83
0.81
0.80
0.81
0.81
0.81
0.80
0.81
0.80
0.81
0.80
0.80
0.80
0.93
0.80
0.80
0.80
0.80
0.80
0.81
0.80
0.80
0.81
0.81
0.80
0.81
0.81
0.80
0.80
0.81
0.80
0.81
0.80
0.81
0.80
0.90
0.81
0.81
0.81
0.82
0.80
0.81
0.80
0.81
0.80
0.81
0.81
0.81
0.80
0.81
0.89
0.80
0.81
0.80
0.80
0.81
0.80
0.81
0.80
0.81
0.84
0.81
0.80
0.81
0.80
0.81
0.81
0.81
0.81
0.81
0.80
0.81
0.80
0.91
0.80
0.80
0.80
0.81
0.81
0.81
0.81
0.81
0.81
0.81
0.80
0.81
0.80
0.81
0.80
0.80
0.80
0.81
0.80
0.81
0.80
0.81
0.93
0.81
0.80
0.81
0.80
0.81
0.80
0.81
0.80
0.80
0.80
0.80
0.81
0.80
0.88
0.81
0.80
0.81
0.80
0.80
0.81
0.81
0.80
0.81
0.83
0.81
0.81
0.81
0.80
0.81
0.81
0.81
0.81
0.81
0.80
0.81
0.81
0.93
0.80
0.80
0.80
0.80
0.81
0.81
0.80
0.81
0.81
0.81
0.80
0.80
0.80
0.81
0.80
0.81
0.80
0.81
0.80
0.81
0.80
0.81
0.91
0.81
0.81
0.80
0.80
0.80
0.80
0.81
0.80
0.80
0.80
0.81
0.80
0.81
0.89
0.80
0.84
0.81
0.80
0.81
0.81
0.81
0.81
0.81
0.83
0.81
0.80
0.81
0.80
0.80
0.80
0.81
0.81
0.81
0.80
0.81
0.91
0.81
0.80
0.81
0.81
0.81
0.81
0.81
0.80
0.81
0.80
0.81
0.80
0.80
0.81
0.80
0.81
0.81
0.80
0.80
0.80
0.80
0.91
0.80
0.81
0.81
0.80
0.81
0.80
0.81
0.80
0.80
0.81
0.80
0.81
0.80
0.80
0.81
0.89
0.81
0.80
0.81
0.81
0.80
0.80
0.81
0.80
0.81
0.83
0.81
0.80
0.81
0.80
0.81
0.80
0.81
0.80
0.81
0.80
0.82
0.80
0.93
0.81
0.81
0.80
0.81
0.80
0.81
0.81
0.81
0.81
0.81
0.81
0.81
0.81
0.80
0.80
0.81
0.80
0.80
0.80
0.81
0.80
0.86
0.86
0.80
0.80
0.81
0.81
0.80
0.80
0.81
0.80
0.81
0.80
0.80
0.80
0.80
0.88
0.80
0.81
0.80
0.81
0.80
0.80
0.81
0.81
0.80
0.83
0.81
0.80
0.81
0.80
0.80
0.81
0.81
0.81
0.81
0.80
0.81
0.90
0.80
0.80
0.81
0.80
0.81
0.80
0.81
0.80
0.80
0.80
0.81
0.80
0.80
0.80
0.81
0.81
0.80
0.80
0.81
0.80
0.81
0.80
0.91
0.80
0.81
0.81
0.81
0.81
0.81
0.80
0.81
0.80
0.81
0.80
0.81
0.80
0.80
0.87
0.80
0.80
0.81
0.80
0.81
0.80
0.81
0.81
0.81
0.82
0.80
0.80
0.81
0.80
0.80
0.80
0.80
0.80
0.80
0.81
0.80
0.81
0.92
0.80
0.80
0.80
0.80
0.80
0.80
0.81
0.80
0.80
0.80
0.80
0.81
0.80
0.80
0.80
0.81
0.80
0.80
0.80
0.81
0.80
0.80
0.93
0.80
0.80
0.80
0.81
0.81
0.80
0.81
0.80
0.80
0.80
0.81
0.80
0.81
0.86
0.81
0.80
0.80
0.81
0.81
0.80
0.80
0.80
0.81
0.84
0.80
0.80
0.81
0.80
0.81
0.80
0.81
0.81
0.81
0.81
0.80
0.81
0.93
0.81
0.81
0.80
0.81
0.80
0.81
0.80
0.81
0.80
0.81
0.80
0.81
0.80
0.81
0.80
0.80
0.80
0.81
0.80
0.81
0.80
0.81
0.91
0.80
0.81
0.81
0.81
0.81
0.81
0.82
0.80
0.81
0.81
0.81
0.80
0.80
0.90
0.81
0.83
0.81
0.80
0.81
0.81
0.81
0.80
0.81
0.84
0.80
0.81
0.81
0.80
0.80
0.81
0.81
0.81
0.80
0.80
0.81
0.81
0.91
0.80
0.81
0.80
0.81
0.80
0.81
0.81
0.81
0.81
0.81
0.80
0.81
0.81
0.81
0.81
0.80
0.80
0.81
0.80
0.81
0.80
0.80
0.92
0.80
0.80
0.81
0.80
0.81
0.81
0.81
0.80
0.81
0.80
0.81
0.80
0.80
0.88
0.80
0.81
0.81
0.80
0.80
0.81
0.80
0.81
0.81
0.83
0.81
0.81
0.81
0.80
0.80
0.81
0.81
0.81
0.80
0.80
0.82
0.91
0.81
0.80
0.81
0.81
0.81
0.81
0.81
0.80
0.81
0.81
0.81
0.80
0.80
0.81
0.81
0.80
0.80
0.80
0.81
0.80
0.81
0.91
0.80
0.80
0.80
0.80
0.81
0.80
0.81
0.80
0.80
0.80
0.81
0.80
0.81
0.80
0.80
0.89
0.81
0.80
0.80
0.80
0.80
0.81
0.81
0.80
0.81
0.84
0.81
0.80
0.81
0.80
0.80
0.80
0.81
0.81
0.81
0.80
0.80
0.81
0.91
0.80
0.80
0.81
0.80
0.81
0.80
0.80
0.81
0.81
0.81
0.81
0.81
0.80
0.81
0.81
0.81
0.81
0.80
0.81
0.81
0.81
0.80
0.93
1.12
1.58
0.82
0.81
0.81
0.81
0.81
0.81
0.81
0.81
0.84
0.82
0.84
0.90
0.81
0.97
0.82
0.81
0.80
0.81
0.81
0.84
0.81
0.81
0.81
0.80
0.81
0.81
0.81
0.80
0.81
0.81
0.81
0.80
0.81
0.81
0.93
0.80
0.80
0.80
0.80
0.81
0.81
0.80
0.80
0.80
0.80
0.80
0.81
0.80
0.81
0.81
0.80
0.80
0.80
0.81
0.81
0.80
0.81
0.91
0.81
0.81
0.80
0.81
0.81
0.81
0.81
0.80
0.80
0.81
0.81
0.80
0.81
0.88
0.80
0.81
0.81
0.80
0.81
0.80
0.81
0.81
0.81
0.84
0.80
0.80
0.81
0.80
0.81
0.80
0.80
0.81
0.80
0.80
0.80
0.90
0.81
0.81
0.80
0.80
0.80
0.80
0.80
0.80
0.81
0.81
0.81
0.80
0.81
0.81
0.81
0.81
0.80
0.80
0.80
0.80
0.81
0.80
0.91
0.81
0.81
0.81
0.81
0.80
0.81
0.80
0.81
0.80
0.80
0.81
0.81
0.81
0.81
0.87
0.81
0.82
0.80
0.80
0.80
0.80
0.81
0.81
0.84
0.84
0.80
0.81
0.81
0.81
0.80
0.80
0.80
0.81
0.81
0.80
0.81
0.81
0.91
0.81
0.80
0.80
0.80
0.81
0.80
0.80
0.80
0.81
0.80
0.81
0.81
0.80
0.81
0.81
0.81
0.82
0.80
0.80
0.81
0.81
0.80
0.93
0.80
0.81
0.81
0.80
0.80
0.81
0.81
0.81
0.81
0.81
0.80
0.81
0.81
0.88
0.80
0.80
0.81
0.81
0.81
0.80
0.80
0.81
0.81
0.84
0.81
0.80
0.80
0.81
0.81
0.80
0.81
0.81
0.81
0.80
0.81
0.93
0.80
0.81
0.81
0.80
0.80
0.80
0.81
0.81
0.80
0.81
0.81
0.81
0.81
0.81
0.81
0.81
0.81
0.81
0.81
0.93
0.81
0.81
0.81
0.80
0.80
0.81
0.81
0.81
0.80
0.81
0.81
0.81
0.81
0.81
0.80
0.80
0.80
0.88
0.80
0.81
0.80
0.81
0.81
0.81
0.80
0.81
0.81
0.84
0.80
0.81
0.80
0.81
0.81
0.81
0.81
0.81
0.81
0.80
0.81
0.80
0.91
0.81
0.80
0.81
0.80
0.80
0.81
0.80
0.80
0.83
0.81
0.81
0.81
0.80
0.80
0.81
0.81
0.80
0.81
0.81
0.81
0.80
0.93
0.80
0.80
0.80
0.80
0.80
0.81
0.81
0.80
0.81
0.80
0.80
0.81
0.80
0.80
0.88
0.80
0.81
0.80
0.81
0.81
0.80
0.81
0.80
0.81
0.83
0.80
0.81
0.81
0.80
0.80
0.80
0.81
0.81
0.80
0.80
0.80
0.80
0.91
0.81
0.80
0.80
0.80
0.81
0.81
0.80
0.80
0.80
0.81
0.81
0.81
0.81
0.80
0.81
0.81
0.81
0.80
0.81
0.81
0.81
0.81
0.93
0.81
0.81
0.81
0.81
0.81
0.81
0.81
0.81
0.82
0.80
0.81
0.81
0.81
0.88
0.81
0.80
0.81
0.81
0.80
0.80
0.81
0.80
0.81
0.84
0.80
0.81
0.81
0.81
0.80
0.80
0.81
0.81
0.81
0.81
0.80
0.80
0.91
0.81
0.81
0.80
0.80
0.80
0.81
0.80
0.80
0.80
0.80
0.81
0.81
0.80
0.81
0.81
0.81
0.81
0.80
0.80
0.80
0.81
0.81
0.91
0.80
0.80
0.80
0.81
0.80
0.81
0.81
0.81
0.81
0.81
0.80
0.81
0.81
0.88
0.82
0.81
0.81
0.81
0.81
0.80
0.81
0.80
0.81
0.84
0.81
0.81
0.80
0.81
0.80
0.80
0.80
0.84
0.81
0.81
0.81
0.81
0.94
0.81
0.81
0.80
0.81
0.80
0.81
0.81
0.81
0.80
0.80
0.81
0.81
0.81
0.80
0.80
0.81
0.80
0.81
0.80
0.80
0.80
0.80
0.93
0.80
0.80
0.81
0.80
0.81
0.80
0.81
0.80
0.81
0.81
0.80
0.80
0.81
0.87
0.81
0.81
0.80
0.81
0.81
0.80
0.80
0.80
0.80
0.84
0.81
0.81
0.81
0.81
0.80
0.80
0.81
0.81
0.81
0.80
0.81
0.93
0.80
0.81
0.80
0.81
0.81
0.80
0.81
0.80
0.80
0.81
0.80
0.81
0.81
0.81
0.81
0.80
0.80
0.80
0.81
0.80
0.81
0.81
0.91
0.80
0.80
0.80
0.92
0.80
0.81
0.81
0.81
0.80
0.81
0.81
0.81
0.81
0.81
0.88
0.81
0.81
0.81
0.80
0.80
0.81
0.81
0.81
0.81
0.84
0.81
0.81
0.81
0.81
0.80
0.80
0.80
0.81
0.81
0.80
0.80
0.92
0.80
0.80
0.80
0.81
0.81
0.81
0.81
0.80
0.80
0.80
0.82
0.81
0.81
0.81
0.81
0.80
0.81
0.80
0.81
0.81
0.81
0.81
0.91
0.80
0.80
0.80
0.83
0.80
0.81
0.81
0.81
0.81
0.80
0.80
0.81
0.81
0.81
0.88
0.81
0.80
0.80
0.81
0.80
0.80
0.81
0.80
0.81
0.84
0.80
0.81
0.80
0.80
0.80
0.80
0.80
0.80
0.81
0.80
0.80
0.80
0.91
0.80
0.81
0.80
0.81
0.80
0.81
0.80
0.80
0.80
0.80
0.80
0.81
0.80
0.81
0.80
0.80
0.81
0.81
0.81
0.81
0.81
0.91
0.80
0.80
0.80
0.81
0.80
0.81
0.80
0.80
0.80
0.80
0.80
0.81
0.80
0.81
0.88
0.80
0.80
0.81
0.80
0.80
0.81
0.81
0.80
0.81
0.84
0.81
0.81
0.81
0.81
0.81
0.81
0.81
0.80
0.81
0.80
0.81
0.82
0.89
0.81
0.80
0.80
0.81
0.80
0.80
0.80
0.81
0.81
0.80
0.80
0.81
0.81
0.80
0.81
0.80
0.81
0.81
0.81
0.81
0.80
0.81
0.90
0.81
0.80
0.81
0.80
0.80
0.81
0.81
0.81
0.80
0.80
0.81
0.81
0.80
0.87
0.81
0.81
0.81
0.80
0.80
0.80
0.81
0.80
0.84
0.83
0.81
0.81
0.81
0.80
0.80
0.80
0.80
0.81
0.81
0.81
0.81
0.90
0.81
0.80
0.81
0.81
0.81
0.81
0.81
0.80
0.80
0.80
0.81
0.81
0.81
0.80
0.81
0.80
0.81
0.80
0.80
0.81
0.81
0.80
0.92
0.81
0.80
0.80
0.81
0.81
0.80
0.81
0.81
0.81
0.80
0.80
0.80
0.81
0.80
0.88
0.80
0.81
0.81
0.80
0.81
0.80
0.81
0.80
0.81
0.84
0.80
0.81
0.81
0.80
0.81
0.80
0.81
0.81
0.81
0.81
0.81
0.80
0.93
0.81
0.81
0.80
0.81
0.81
0.81
0.80
0.80
0.80
0.80
0.80
0.81
0.81
0.81
0.81
0.81
0.80
0.81
0.80
0.81
0.80
0.80
0.93
0.80
0.81
0.81
0.80
0.80
0.80
0.80
0.81
0.80
0.80
0.80
0.81
0.81
0.88
0.81
0.80
0.81
0.81
0.80
0.80
0.80
0.81
0.81
0.84
0.80
0.81
0.80
0.81
0.80
0.80
0.80
0.80
0.81
0.80
0.81
0.93
0.80
0.81
0.81
0.81
0.80
0.80
0.81
0.80
0.80
0.80
0.80
0.81
0.81
0.80
0.80
0.81
0.81
0.80
0.81
0.80
0.81
0.81
0.91
0.80
0.81
0.80
0.81
0.80
0.81
0.81
0.81
0.81
0.81
0.80
0.81
0.80
0.81
0.87
0.81
0.81
0.81
0.81
0.81
0.81
0.80
0.81
0.81
0.84
0.81
0.81
0.81
0.81
0.81
0.80
0.81
0.80
0.80
0.81
0.80
0.81
0.91
0.80
0.81
0.81
0.80
0.80
0.81
0.80
0.80
0.80
0.80
0.81
0.80
0.80
0.81
0.80
0.81
0.80
0.80
0.80
0.81
0.81
0.91
0.80
0.81
0.80
0.81
0.80
0.82
0.80
0.80
0.80
0.80
0.80
0.80
0.80
0.81
0.87
0.80
0.80
0.80
0.80
0.80
0.80
0.80
0.80
0.81
0.83
0.80
0.80
0.80
0.80
0.81
0.80
0.81
0.81
0.81
0.80
0.81
0.90
0.81
0.80
0.81
0.80
0.80
0.80
0.81
0.81
0.80
0.80
0.81
0.81
0.81
0.80
0.81
0.80
0.81
0.81
0.80
0.80
0.81
0.80
0.85
0.86
0.80
0.80
0.81
0.80
0.80
0.81
0.81
0.81
0.81
0.80
0.81
0.80
0.81
0.88
0.83
0.81
0.80
0.81
0.81
0.80
0.81
0.80
0.81
0.83
0.81
0.81
0.81
0.80
0.81
0.80
0.80
0.80
0.80
0.81
0.80
0.90
0.80
0.80
0.81
0.80
0.80
0.80
0.81
0.81
0.80
0.80
0.81
0.80
0.81
0.80
0.81
0.81
0.81
0.81
0.81
0.80
0.82
0.80
0.91
0.81
0.81
0.80
0.81
0.80
0.81
0.80
0.80
0.81
0.81
0.81
0.80
0.81
0.81
0.88
0.81
0.80
0.81
0.81
0.81
0.81
0.80
0.80
0.81
0.84
0.81
0.80
0.80
0.81
0.81
0.81
0.81
0.81
0.81
0.80
0.81
0.92
0.81
0.81
0.80
0.80
0.80
0.80
0.81
0.80
0.81
0.80
0.80
0.81
0.82
0.81
0.80
0.80
0.81
0.80
0.81
0.80
0.81
0.92
0.81
0.81
0.80
0.81
0.81
0.80
0.81
0.80
0.80
0.81
0.81
0.80
0.81
0.80
0.81
0.90
0.81
0.80
0.81
0.80
0.81
0.80
0.81
0.80
0.81
0.84
0.81
0.80
0.80
0.80
0.81
0.81
0.81
0.80
0.81
0.80
0.81
0.80
0.91
0.80
0.81
0.81
0.81
0.80
0.81
0.80
0.81
0.80
0.80
0.80
0.81
0.80
0.80
0.81
0.81
0.80
0.81
0.81
0.80
0.81
0.80
0.91
0.81
0.81
0.82
0.81
0.81
0.81
0.81
0.80
0.80
0.81
0.81
0.80
0.81
0.88
0.81
0.81
0.81
0.81
0.81
0.80
0.81
0.80
0.81
0.83
0.81
0.81
0.81
0.80
0.80
0.80
0.81
0.80
0.81
0.80
0.81
0.91
0.81
0.81
0.81
0.80
0.81
0.80
0.81
0.80
0.80
0.81
0.81
0.80
0.81
0.80
0.81
0.80
0.81
0.80
0.81
0.80
0.81
0.91
0.81
0.80
0.81
0.80
0.81
0.81
0.80
0.80
0.81
0.80
0.81
0.80
0.81
0.81
0.81
0.88
0.81
0.81
0.81
0.81
0.81
0.80
0.81
0.80
0.81
0.83
0.81
0.81
0.81
0.81
0.81
0.80
0.81
0.81
0.81
0.80
0.81
0.92
0.81
0.81
0.81
0.80
0.81
0.80
0.81
0.80
0.81
0.81
0.81
0.81
0.81
0.80
0.81
0.81
0.81
0.81
0.81
0.91
0.81
0.80
0.81
0.80
0.81
0.80
0.81
0.81
0.81
0.80
0.81
0.80
0.81
0.80
0.81
0.80
0.81
0.90
0.80
0.81
0.81
0.80
0.81
0.80
0.81
0.81
0.84
0.83
0.81
0.80
0.81
0.81
0.81
0.80
0.81
0.81
0.81
0.81
0.81
0.91
0.81
0.80
0.81
0.81
0.81
0.80
0.81
0.81
0.80
0.80
0.81
0.80
0.81
0.80
0.81
0.80
0.81
0.80
0.81
0.80
0.81
0.80
0.92
0.80
0.81
0.81
0.81
0.80
0.81
0.81
0.81
0.80
0.81
0.81
0.81
0.81
0.81
0.88
0.81
0.80
0.81
0.80
0.81
0.81
0.81
0.80
0.81
0.84
0.80
0.81
0.81
0.80
0.81
0.80
0.81
0.81
0.81
0.80
0.81
0.93
0.81
0.81
0.80
0.80
0.81
0.80
0.81
0.80
0.81
0.80
0.81
0.80
0.81
0.80
0.81
0.80
0.81
0.80
0.81
0.80
0.91
0.80
0.80
0.80
0.81
0.81
0.81
0.80
0.81
0.81
0.81
0.80
0.81
0.81
0.81
0.80
0.81
0.88
0.81
0.81
0.81
0.81
0.81
0.80
0.81
0.80
0.81
0.84
0.81
0.81
0.81
0.80
0.81
0.80
0.81
0.81
0.82
0.80
0.81
0.80
0.91
0.81
0.81
0.80
0.80
0.81
0.81
0.80
0.80
0.80
0.81
0.81
0.81
0.80
0.81
0.80
0.81
0.80
0.81
0.80
0.80
0.81
0.80
0.93
0.81
0.80
0.81
0.81
0.81
0.80
0.81
0.80
0.81
0.80
0.81
0.81
0.81
0.87
0.81
0.80
0.81
0.81
0.81
0.80
0.81
0.80
0.81
0.83
0.81
0.80
0.81
0.80
0.81
0.80
0.80
0.80
0.81
0.81
0.81
0.93
0.81
0.81
0.81
0.80
0.80
0.81
0.81
0.81
0.81
0.80
0.81
0.81
0.80
0.81
0.81
0.80
0.81
0.80
0.81
0.80
0.80
0.83
0.91
0.80
0.81
0.80
0.81
0.81
0.80
0.80
0.81
0.80
0.80
0.80
0.81
0.80
0.82
0.89
0.81
0.80
0.80
0.80
0.81
0.80
0.81
0.80
0.81
0.83
0.81
0.80
0.81
0.80
0.80
0.80
0.81
0.80
0.80
0.81
0.81
0.91
0.81
0.80
0.81
0.80
0.81
0.80
0.81
0.80
0.81
0.81
0.80
0.80
0.81
0.80
0.81
0.80
0.81
0.80
0.81
0.80
0.81
0.80
0.93
0.80
0.81
0.80
0.81
0.81
0.81
0.80
0.80
0.80
0.81
0.80
0.81
0.80
0.81
0.86
0.82
0.80
0.81
0.80
0.81
0.81
0.81
0.80
0.81
0.83
0.81
0.80
0.80
0.80
0.80
0.80
0.80
0.80
0.80
0.81
0.80
0.92
0.81
0.80
0.81
0.80
0.80
0.80
0.81
0.80
0.81
0.80
0.80
0.80
0.82
0.80
0.80
0.80
0.81
0.80
0.81
0.80
0.81
0.80
0.93
0.80
0.80
0.80
0.80
0.81
0.80
0.80
0.80
0.80
0.80
0.80
0.81
0.80
0.87
0.81
0.81
0.80
0.80
0.80
0.80
0.80
0.81
0.82
0.81
0.83
0.81
0.80
0.80
0.80
0.81
0.80
0.80
0.80
0.80
0.80
0.81
0.92
0.80
0.80
0.80
0.80
0.81
0.80
0.81
0.80
0.81
0.80
0.80
0.80
0.81
0.81
0.81
0.80
0.81
0.80
0.81
0.80
0.81
0.81
0.93
0.80
0.80
0.80
0.81
0.80
0.81
0.80
0.80
0.80
0.80
0.80
0.80
0.80
0.87
0.80
0.81
0.80
0.80
0.80
0.80
0.80
0.80
0.80
0.82
0.83
0.80
0.80
0.80
0.80
0.80
0.80
0.80
0.80
0.81
0.80
0.81
0.92
0.80
0.80
0.81
0.80
0.80
0.80
0.80
0.80
0.80
0.80
0.80
0.80
0.81
0.80
0.81
0.80
0.81
0.80
0.81
0.80
0.81
0.80
0.93
0.80
0.81
0.80
0.83
0.81
0.81
0.81
0.80
0.80
0.80
0.80
0.80
0.80
0.87
0.80
0.80
0.80
0.80
0.80
0.81
0.80
0.81
0.80
0.81
0.83
0.81
0.80
0.80
0.80
0.80
0.80
0.81
0.80
0.80
0.80
0.81
0.93
0.80
0.80
0.81
0.80
0.81
0.80
0.81
0.80
0.80
0.80
0.80
0.80
0.81
0.80
0.81
0.80
0.80
0.80
0.81
0.80
0.81
0.92
0.81
0.80
0.81
0.80
0.81
0.81
0.81
0.81
0.81
0.80
0.81
0.80
0.81
0.80
0.88
0.80
0.81
0.80
0.80
0.80
0.80
0.80
0.81
0.80
0.81
0.83
0.80
0.81
0.80
0.80
0.80
0.80
0.81
0.80
0.80
0.80
0.80
0.91
0.81
0.80
0.81
0.80
0.81
0.80
0.81
0.80
0.80
0.80
0.80
0.80
0.81
0.80
0.81
0.80
0.80
0.80
0.81
0.80
0.81
0.80
0.93
0.80
0.81
0.80
0.81
0.80
0.80
0.80
0.81
0.80
0.81
0.80
0.81
0.81
0.90
0.80
0.81
0.80
0.81
0.80
0.81
0.80
0.80
0.81
0.84
0.83
0.80
0.80
0.80
0.81
0.81
0.80
0.81
0.80
0.81
0.80
0.80
0.90
0.81
0.80
0.80
0.80
0.80
0.80
0.80
0.80
0.80
0.80
0.80
0.80
0.81
0.80
0.80
0.81
0.80
0.80
0.80
0.80
0.80
0.80
0.91
0.80
0.80
0.80
0.81
0.80
0.80
0.81
0.81
0.80
0.81
0.80
0.81
0.80
0.88
0.80
0.81
1.49
1.23
0.81
0.81
0.80
0.81
0.81
0.81
0.84
0.99
0.80
0.82
0.80
0.81
0.80
0.80
0.80
0.81
0.81
0.91
0.83
0.81
0.80
0.81
0.80
0.81
0.80
0.81
0.80
0.81
0.81
0.81
0.80
0.81
0.80
0.81
0.81
0.81
0.80
0.81
0.80
0.81
0.91
0.81
0.80
0.81
0.80
0.81
0.80
0.81
0.80
0.81
0.80
0.81
0.80
0.81
0.80
0.92
0.81
0.81
0.80
0.80
0.80
0.81
0.80
0.81
0.80
0.81
0.83
0.81
0.80
0.80
0.80
0.80
0.81
0.81
0.80
0.80
0.80
0.85
0.86
0.80
0.81
0.81
0.80
0.80
0.80
0.80
0.80
0.80
0.80
0.81
0.80
0.80
0.80
0.80
0.80
0.81
0.80
0.80
0.80
0.81
0.92
0.81
0.80
0.81
0.80
0.81
0.81
0.81
0.80
0.81
0.81
0.81
0.80
0.81
0.80
0.89
0.80
0.81
0.80
0.81
0.80
0.81
0.80
0.81
0.80
0.81
0.83
0.80
0.80
0.80
0.80
0.81
0.80
0.80
0.81
0.80
0.80
0.81
0.92
0.81
0.80
0.80
0.80
0.80
0.80
0.80
0.80
0.81
0.80
0.81
0.80
0.81
0.80
0.80
0.80
0.81
0.81
0.81
0.80
0.81
0.92
0.81
0.80
0.80
0.80
0.80
0.81
0.80
0.80
0.80
0.80
0.81
0.80
0.81
0.80
0.87
0.80
0.80
0.80
0.80
0.80
0.81
0.80
0.80
0.80
0.81
0.83
0.80
0.80
0.80
0.80
0.80
0.80
0.80
0.80
0.81
0.80
0.80
0.92
0.80
0.80
0.81
0.80
0.80
0.80
0.80
0.80
0.80
0.80
0.80
0.80
0.81
0.80
0.80
0.80
0.80
0.81
0.81
0.80
0.80
0.80
0.93
0.80
0.80
0.80
0.80
0.80
0.80
0.80
0.80
0.80
0.81
0.80
0.80
0.80
0.89
0.80
0.82
0.81
0.80
0.80
0.81
0.80
0.80
0.80
0.83
0.81
0.80
0.80
0.80
0.80
0.80
0.80
0.80
0.80
0.80
0.80
0.81
0.91
0.80
0.80
0.81
0.80
0.80
0.80
0.80
0.80
0.80
0.80
0.80
0.80
0.81
0.80
0.81
0.80
0.80
0.81
0.81
0.80
0.80
0.80
0.91
0.81
0.80
0.80
0.80
0.80
0.80
0.80
0.80
0.80
0.81
0.80
0.81
0.80
0.87
0.80
0.80
0.80
0.80
0.80
0.80
0.80
0.80
0.80
0.83
0.81
0.81
0.80
0.80
0.80
0.80
0.80
0.80
0.81
0.84
0.81
0.81
0.91
0.80
0.80
0.81
0.81
0.80
0.80
0.80
0.81
0.80
0.80
0.85
0.80
0.81
0.80
0.80
0.81
0.80
0.81
0.81
0.80
0.81
0.80
0.92
0.80
0.81
0.81
0.81
0.80
0.81
0.80
0.81
0.80
0.81
0.81
0.80
0.81
0.88
0.80
0.81
0.80
0.80
0.80
0.81
0.80
0.80
0.80
0.84
0.81
0.81
0.80
0.81
0.80
0.81
0.80
0.81
0.81
0.81
0.80
0.81
0.91
0.81
0.80
0.81
0.82
0.83
0.80
0.81
0.81
0.81
0.80
0.81
0.80
0.81
0.81
0.80
0.80
0.81
0.81
0.81
0.81
0.81
0.80
0.94
0.81
0.81
0.80
0.83
0.92
0.81
0.81
0.81
0.80
0.81
0.81
0.82
0.80
0.87
0.81
0.81
0.80
0.81
0.80
0.81
0.81
0.80
0.80
0.84
0.81
0.81
0.81
0.80
0.80
0.80
0.81
0.80
0.80
0.80
0.81
0.81
0.93
0.80
0.80
0.81
0.81
0.81
0.81
0.80
0.81
0.81
0.81
0.80
0.80
0.81
0.81
0.81
0.80
0.81
0.81
0.81
0.82
0.80
0.81
0.93
0.81
0.82
0.80
0.80
0.81
0.81
0.81
0.80
0.80
0.80
0.81
0.81
0.81
0.88
0.81
0.81
0.81
0.81
0.80
0.81
0.81
0.80
0.80
0.84
0.81
0.81
0.81
0.80
0.80
0.80
0.81
0.80
0.81
0.80
0.81
0.81
0.93
0.80
0.81
0.81
0.81
0.81
0.81
0.80
0.81
0.81
0.81
0.80
0.80
0.80
0.81
0.80
0.81
0.80
0.81
0.80
0.81
0.81
0.81
0.91
0.81
0.81
0.81
0.80
0.81
0.80
0.81
0.80
0.81
0.80
0.81
0.81
0.81
0.88
0.81
0.80
0.81
0.80
0.81
0.80
0.81
0.81
0.81
0.87
0.81
0.81
0.82
0.80
0.81
0.81
0.81
0.80
0.81
0.81
0.81
0.80
0.93
0.81
0.81
0.80
0.81
0.81
0.81
0.80
0.81
0.80
0.81
0.81
0.80
0.81
0.81
0.81
0.81
0.80
0.81
0.80
0.81
0.81
0.81
0.93
0.81
0.80
0.81
0.80
0.81
0.80
0.81
0.80
0.81
0.81
0.81
0.80
0.81
0.88
0.81
0.81
0.81
0.80
0.82
0.81
0.82
0.80
0.81
0.84
0.81
0.81
0.81
0.81
0.81
0.81
0.81
0.80
0.81
0.80
0.81
0.80
0.93
0.81
0.81
0.80
0.80
0.80
0.81
0.81
0.81
0.80
0.81
0.80
0.81
0.81
0.81
0.80
0.81
0.80
0.81
0.81
0.81
0.81
0.93
0.81
0.81
0.81
0.81
0.81
0.81
0.80
0.81
0.80
0.81
0.81
0.81
0.82
0.81
0.88
0.81
0.81
0.81
0.80
0.82
0.80
0.81
0.81
0.81
0.83
0.81
0.80
0.81
0.81
0.81
0.80
0.81
0.81
0.81
0.80
0.81
0.80
0.91
0.80
0.80
0.80
0.81
0.80
0.81
0.80
0.81
0.81
0.81
0.80
0.81
0.81
0.80
0.81
0.81
0.80
0.83
0.80
0.81
0.80
0.91
0.80
0.80
0.81
0.81
0.80
0.81
0.81
0.81
0.80
0.81
0.80
0.81
0.81
0.81
0.92
0.81
0.80
0.80
0.81
0.80
0.80
0.81
0.80
0.81
0.84
0.80
0.80
0.81
0.80
0.81
0.80
0.81
0.80
0.81
0.80
0.81
0.80
0.90
0.80
0.81
0.80
0.81
0.80
0.81
0.81
0.81
0.80
0.81
0.80
0.81
0.81
0.80
0.80
0.81
0.80
0.81
0.80
0.81
0.80
0.91
0.80
0.81
0.80
0.81
0.80
0.81
0.80
0.81
0.80
0.81
0.80
0.81
0.80
0.80
0.88
0.81
0.80
0.81
0.80
0.81
0.81
0.81
0.80
0.81
0.84
0.81
0.80
0.81
0.80
0.81
0.81
0.80
0.80
0.81
0.80
0.81
0.80
0.91
0.80
0.81
0.81
0.81
0.80
0.81
0.81
0.81
0.81
0.81
0.81
0.80
0.80
0.80
0.80
0.80
0.80
0.81
0.80
0.81
0.81
0.91
0.81
0.81
0.80
0.81
0.80
0.81
0.80
0.81
0.80
0.81
0.80
0.81
0.80
0.81
0.88
0.81
0.82
0.81
0.80
0.81
0.80
0.81
0.80
0.81
0.84
0.81
0.81
0.81
0.80
0.81
0.81
0.81
0.81
0.81
0.80
0.81
0.80
0.91
0.80
0.81
0.80
0.81
0.81
0.81
0.80
0.81
0.80
0.81
0.80
0.80
0.82
0.81
0.81
0.80
0.80
0.81
0.80
0.81
0.80
0.81
0.92
0.81
0.81
0.81
0.80
0.81
0.81
0.81
0.80
0.80
0.81
0.81
0.81
0.81
0.88
0.81
0.81
0.81
0.80
0.81
0.81
0.84
0.80
0.81
0.83
0.81
0.81
0.81
0.81
0.81
0.81
0.81
0.81
0.81
0.81
0.82
0.81
0.94
0.80
0.81
0.80
0.81
0.80
0.81
0.81
0.81
0.80
0.81
0.80
0.81
0.80
0.81
0.80
0.81
0.80
0.82
0.80
0.81
0.82
0.83
0.90
0.81
0.83
0.81
0.81
0.81
0.81
0.81
0.84
0.81
0.80
0.81
0.81
0.84
0.89
0.81
0.83
0.81
0.81
0.81
0.81
0.83
