866151
2126007
2126007
866151
866151
866151
866151
866151
1000000
2100000
2100000
2100021
2100000
2100000
2100021
2126007
2099978
2100000
2100000
2100000
2100000
866151
2100000
2100000
839492
2099978
2099978
2100000
2100000
2100021
2099978
2100021
800212
2100000
2100000
2100000
2100021
2100000
2100000
2100000
2099978
2099978
2100021
2099978
2100000
2099978
2099978
2100000
2100000
2099978
2100000
2099978
2100021
2126007
2099978
2100021
2100000
2100000
2099978
2100000
2100021
2099978
2099978
2100021
2100021
2099978
2076324
2100021
2100000
2100021
2100000
2099978
2100000
2100000
2100000
2100021
2099978
2100000
2100021
2100000
2100021
2100021
2100000
2100021
2099978
2099978
2100000
2100000
2100000
2099978
2100000
2100000
2099978
2099978
2099978
2099978
2100021
2100000
2099978
2100000
2100000
2099978
2100000
2099978
2100000
2100000
2100021
2100000
2100021
2099978
2099978
2100000
2099978
2100000
2099978
2100000
2100000
2099978
2100000
2100021
2100000
2099978
2100000
2100021
2100021
2100000
2100000
2100000
2100000
2100000
2100000
2100000
2099978
2099978
2100021
2100021
2100000
2100000
2100021
2099978
2099978
2100000
2100000
2100000
2100000
2099978
2099978
2100000
2100021
2099978
2100021
2100000
2099978
2099978
2100000
2100000
2100000
2126007
2100000
2100000
2126007
2099978
2126007
2126007
2100000
2099978
2100000
2099978
2100000
2100021
2100000
2100021
2100000
2100000
2100021
2099978
2100000
2100000
2100021
2100021
2099978
2099978
2100000
2100000
2099978
2100000
2100021
2100021
2099978
2100000
2099978
2100000
2099978
2099978
2100000
2100021
2100000
2099978
2100000
2100000
2100000
2099978
2100021
2100000
2099978
2100021
2100021
2099978
2100000
2100021
2100000
2126007
2126007
866151
2100000
2100000
2100000
2099978
2100000
2100000
2100021
800000
2099978
2100000
2100000
2100000
2100021
2099978
2100021
2099978
2099978
2099978
2100021
2100021
2100021
2100000
2099978
2100000
2100000
2099978
2100000
2100021
2100000
2100021
2100000
2100000
2100021
2099978
2099978
2099978
2100000
2099978
2100021
2099978
2100000
2100021
2099978
2100000
2100000
2100000
2100000
2100000
2100000
2100021
2100000
2100021
2100021
2100000
2100000
2100000
2100000
2099978
2099978
2100000
2100000
2100000
2099978
2100000
2100000
2099978
2100021
2100000
2100000
2100021
2100000
2099978
2099978
2100000
2100021
2100021
2100000
2099978
2099978
2100000
2099978
2100000
2100000
2100021
2100021
2100000
2099978
2100021
2099978
2100021
2100000
2100000
2099978
2099978
2100000
2099978
2100000
2100021
2100000
2100000
2100000
2099978
2100021
2100021
2100000
2099978
2100000
2099978
2100000
2100021
2100000
2099978
2099978
2100021
2100021
2100021
2100000
2100000
2100000
2100021
2100000
2100000
2100000
2099978
2100000
2126007
2099978
2100000
2099978
2100000
2099978
2099978
2100000
2126007
2100000
2100000
2100021
2100000
2100000
2100000
2100000
2100021
2099978
2099978
2100000
2099978
2100000
2099978
2099978
2099978
2099978
2100000
2100000
2100021
2100021
2126007
2100021
2100000
1181115
2099978
2100000
2100000
2100021
2099978
2100000
2099978
2099978
2099978
2099978
2099978
2100000
2100000
2100000
2100021
2100021
2100000
2099978
2100000
2100000
2126007
2100000
2100000
2100021
2100021
2099978
2100000
2100000
2100000
2099978
2126007
2100000
2126007
2100000
2100000
2100021
2100021
2100000
2100000
2100000
2100000
2100000
2099978
2100000
2126007
2100021
2099978
2100021
2100000
2100000
2100000
2100021
2100021
2100000
2100000
2100021
2100000
2100000
2100000
2100021
2100000
2100021
2100000
2100021
2100000
2100021
2100021
2099978
2100000
2100000
2100000
2100021
2100000
2099978
2099978
2099978
2100000
2100000
2100000
2100000
2100000
2099978
2099978
2099978
2100000
2099978
2100000
2100000
2100000
2100000
2100000
2100000
2100021
2100000
2100000
2100021
2100000
2099978
2100000
2100000
2099978
2100000
2100000
2099978
2099978
2099978
2100000
2100000
2100000
2100000
2100000
2100021
2099978
2100021
2100000
2099978
2099978
2100000
2099978
2099978
2100000
2100021
2099978
2100000
2100000
2100000
2100021
2100021
2100000
2099978
2100021
2100000
2100000
2099978
2100000
2099978
2099978
2099978
2100000
2126007
2100000
2100000
2100000
2100000
2100000
2099978
2099978
2100000
2099978
2099978
2100021
2099978
2100000
2099978
2100021
2099978
2099978
2100000
2100000
2099978
2099978
2100000
2100000
2100000
2100000
2100000
2100000
2100000
2100000
2100021
2100000
2099978
2100000
2100021
2100021
2100021
2100000
2100021
2100021
2100021
2099978
2100021
2099978
2100000
2100000
2099978
2100000
2100021
2100000
2099978
2100021
2100000
2100021
2099978
2100000
2100000
2100021
2100000
2099978
2100000
2099978
2100021
2100000
2100000
2099978
2099978
2100000
2100000
2100000
2126007
2126007
2099978
2100000
2100000
2100000
2100000
2100000
2099978
1925009
2100000
2100000
2099978
2099978
2099978
2100021
2099978
2100000
2099978
2100000
2099978
2100021
2100000
2100000
2100000
866151
