CorWatt
1.13
2.49
1.05
1.01
1.01
1.01
1.03
1.03
1.58
3.27
3.77
3.93
3.86
3.88
3.88
3.44
2.93
3.37
3.96
3.90
3.91
3.58
2.34
3.62
3.33
3.60
3.87
3.88
3.88
3.40
3.08
2.30
2.17
3.41
3.50
3.72
3.89
4.57
4.17
4.08
3.90
4.28
4.05
5.00
6.26
5.09
4.97
5.02
4.99
6.17
4.24
3.96
5.04
4.63
3.43
3.66
4.36
3.25
3.90
3.89
3.30
3.93
3.70
3.40
3.90
3.70
2.76
3.03
3.50
3.90
3.90
3.90
4.20
4.19
4.12
3.88
3.90
3.98
5.01
4.99
5.01
5.00
5.06
5.00
4.09
4.88
5.00
4.28
4.81
4.72
5.01
3.56
3.79
3.30
3.90
3.86
3.87
3.89
3.89
3.90
3.96
4.22
3.93
3.90
3.98
3.90
3.90
3.92
3.90
3.90
3.90
3.90
3.92
3.88
3.87
3.92
5.20
3.95
3.90
3.89
3.90
5.12
3.89
3.90
3.90
3.90
3.91
3.90
3.91
3.90
3.92
3.91
3.89
3.90
3.89
3.89
3.90
3.90
3.91
3.89
3.89
3.89
3.63
2.94
3.06
3.89
3.89
3.91
3.21
3.90
3.69
3.73
2.50
3.91
3.89
3.91
4.09
4.25
2.27
3.31
4.02
3.36
2.64
3.03
4.11
4.90
5.01
5.01
5.04
4.28
3.17
4.45
5.05
5.06
4.98
5.01
4.22
3.90
3.96
3.90
3.92
3.89
3.90
3.93
3.90
3.90
3.91
5.19
3.95
3.90
3.92
3.97
5.08
3.93
3.90
3.90
3.89
3.90
3.90
3.90
3.90
3.90
3.92
3.92
3.89
3.90
3.91
3.90
3.91
3.90
3.99
4.64
3.15
1.70
2.20
3.35
3.96
3.90
3.90
3.89
4.02
4.14
3.75
3.45
3.98
3.40
2.43
3.14
3.53
3.33
3.40
3.05
3.61
3.90
3.89
3.90
3.97
3.90
3.91
3.90
3.92
3.90
3.90
3.92
3.91
3.90
3.92
3.90
3.91
3.90
3.93
3.74
3.90
3.85
3.90
3.59
3.90
3.90
3.90
3.90
3.61
3.39
3.89
3.90
3.90
3.90
3.90
3.90
3.89
3.89
3.90
3.89
3.90
3.89
3.90
3.90
5.15
3.98
4.56
4.39
3.92
4.31
3.96
4.55
5.06
4.99
4.99
4.98
5.02
4.99
5.00
4.98
4.97
5.05
4.98
5.00
4.95
3.90
3.97
3.90
3.91
3.90
3.90
3.91
3.90
3.91
3.92
3.90
3.96
3.93
3.95
3.91
3.90
3.93
3.91
3.91
3.90
3.91
3.91
3.90
3.93
3.90
3.90
3.93
3.90
3.90
3.90
4.68
4.41
3.88
3.89
3.89
5.00
4.04
3.89
3.90
3.66
3.67
3.61
3.66
3.91
3.60
2.62
3.91
4.00
3.68
3.44
3.24
2.81
2.79
3.83
3.90
3.89
3.90
4.08
3.91
3.97
3.90
3.35
3.90
3.90
3.83
2.62
3.79
3.90
3.77
3.56
3.90
3.91
3.89
3.43
3.47
3.67
3.92
3.89
3.07
3.90
3.91
3.91
3.91
3.91
3.50
3.64
2.48
3.40
3.91
3.90
3.90
3.90
3.91
3.90
3.90
3.91
5.18
3.70
3.27
3.77
3.91
4.01
3.91
3.91
3.91
3.91
4.44
5.09
4.30
3.09
3.91
4.21
5.04
4.97
4.95
4.96
4.99
5.04
5.01
4.98
2.93
3.47
3.89
3.08
3.82
3.90
3.89
3.90
3.91
3.90
3.89
3.77
3.71
3.93
3.19
3.37
3.20
3.89
3.87
3.72
3.63
3.84
3.27
3.76
4.69
4.03
3.46
3.90
3.90
4.96
3.57
3.66
2.93
2.93
3.82
3.89
3.90
3.89
3.90
3.89
3.89
3.90
3.90
3.90
3.90
3.89
3.90
3.98
4.17
3.96
3.90
3.90
3.91
3.92
3.90
3.90
3.90
3.90
3.90
4.48
3.89
3.89
3.88
3.96
3.90
3.90
3.90
3.89
3.90
3.92
3.91
3.91
3.90
3.93
3.90
3.90
3.91
3.90
3.91
3.90
3.90
3.91
3.91
3.91
3.90
3.92
3.90
3.90
3.90
3.92
3.90
3.90
3.90
3.89
3.90
3.16
2.57
4.15
3.26
2.25
3.42
3.96
3.99
4.74
3.51
3.86
4.03
6.02
5.65
4.13
4.97
5.04
4.99
4.99
4.98
5.00
5.06
5.00
5.00
4.55
4.28
3.95
3.90
3.92
3.91
3.94
3.91
3.91
3.90
3.92
3.91
3.96
3.90
3.95
2.67
3.91
3.93
3.91
3.14
3.70
3.90
3.89
3.89
3.89
3.93
5.14
3.92
3.90
3.91
4.13
3.66
3.63
3.14
3.91
3.90
3.90
3.57
3.59
3.91
3.91
3.90
3.92
3.89
2.39
3.19
3.91
3.90
3.98
3.77
2.13
2.40
3.87
3.90
3.91
3.91
3.91
3.90
3.06
2.55
3.72
3.13
3.91
3.92
3.91
3.90
3.90
3.91
3.91
3.91
3.92
3.90
4.04
3.90
3.76
1.81
