Avg_MHz
3
71
15
2
2
2
2
2
190
1905
2095
2095
2095
2094
2095
1861
2095
2095
2095
1888
1562
1536
953
1888
2095
2094
2095
2095
2095
2095
2095
2095
2095
2095
2095
2095
2095
2095
2095
2095
2095
2095
2095
2095
2095
2095
2095
2095
2095
2095
2095
2095
2095
2095
2095
2095
2095
2095
2095
2095
2095
2095
2095
2095
2095
2095
2095
2095
2095
2095
2095
2095
2095
2095
2095
2095
2095
2095
2095
2095
2095
2095
2095
2095
2095
2095
2095
2095
2095
2095
2095
2095
2095
2095
2095
2001
1529
1714
1594
2095
2095
2095
2095
1823
1966
1946
1021
1869
1966
2095
2095
2095
1958
1842
2095
1282
1018
2095
2095
2095
1040
1453
1786
1362
1865
1208
1291
1217
2095
2095
2095
1596
1635
1757
2095
2095
2095
2095
2095
2095
2095
2001
1536
2095
2095
2055
1714
1943
2095
2095
2095
1894
1717
2095
1883
2095
2095
1745
1564
1680
1100
1933
2095
2095
2095
2095
2095
2095
2095
2095
2095
2095
2095
2095
2095
2095
1976
1554
2095
2095
2095
2095
2095
2095
2095
2095
2095
2095
2095
2095
2095
2095
2095
2095
2095
2095
2095
2095
2095
2095
2095
2095
2095
1315
894
2095
2095
2095
2095
1231
1489
1633
1809
2095
2095
2095
2095
2095
2095
2095
2095
2095
2095
2095
2095
2095
1085
1446
2095
2095
2095
2095
2095
2095
2095
2095
2095
2095
2095
2095
2095
2095
2095
2095
2095
2095
2095
2095
2095
2095
2095
2095
2095
2095
2095
2095
1926
1700
970
1992
2033
2095
2095
2095
2095
2095
2095
2095
2095
2095
2095
2095
2095
2095
2095
2095
2095
1894
1917
2095
1604
1568
1195
2095
1610
1673
1527
1161
1862
2095
2095
2095
2095
2095
2061
2095
2095
2095
2095
2095
2093
727
1474
1635
2095
844
1594
2002
2095
1919
1344
2095
948
1534
1288
2095
2095
2095
2095
2095
2095
1321
1777
2095
2095
2095
2095
2095
1595
1311
1076
2095
1695
1295
1788
2095
2095
2095
2095
2095
2095
2095
2095
1343
2040
2095
1437
2095
1861
2095
2095
1956
2095
2095
2095
2095
2095
2095
2095
2080
1492
1728
793
1910
1575
1258
1767
2095
2039
1631
1756
1820
2095
974
2009
2095
2095
2095
2095
2095
2095
2095
2095
2095
2095
2095
1004
2095
2095
2095
1248
1999
2095
2095
2095
2095
2095
2095
2095
2095
2095
2095
2078
2095
2095
2095
2095
2095
2095
2095
1005
2014
1695
1800
2095
399
2095
2095
2095
2095
2095
2095
2095
2095
2095
2095
2095
2095
2095
2095
2095
2095
2095
2095
2095
2095
2095
2095
2095
2095
2095
2095
2095
2095
2095
2093
2095
2078
2095
2095
2095
2095
2092
2095
2095
2095
1981
2078
1867
1126
2095
2095
2069
2095
2095
2095
2095
2095
2095
2095
2095
2095
2095
2095
2095
2095
2095
2095
2095
2095
2095
2095
2095
1942
1539
1728
2095
2095
2095
1832
1803
2095
2095
2095
2095
2095
2095
2095
2095
2095
2095
2095
2095
2095
2095
2095
2095
2095
2095
2095
2095
2095
2095
2095
2095
2095
2095
2095
2095
2095
2095
2095
2095
2095
2095
2095
2095
2095
2095
2095
2095
2095
2095
2095
2004
1890
1577
1732
2095
2095
2095
2095
1719
1917
2040
2095
2091
2095
1094
1421
1588
1563
1630
2095
2095
2095
2095
2095
2095
2095
2095
2095
2095
2095
2095
2095
2095
2095
2095
2095
2095
2095
2095
2095
2095
2095
2095
2095
2095
2095
2095
2095
2095
2095
2095
2095
2095
2095
2095
2095
2095
2095
2095
2095
2095
2095
2095
2095
2095
2095
2095
2095
2095
2095
2095
2095
2095
2095
2095
2095
2095
2072
504
