CorWatt
1.44
1.47
3.35
1.32
1.45
1.26
1.78
1.16
1.24
1.81
3.93
4.12
4.27
4.60
4.15
4.20
3.91
4.17
4.41
4.38
4.23
3.64
3.63
2.62
4.05
4.38
4.31
4.24
4.61
5.36
4.16
4.57
4.95
4.20
4.14
4.27
4.05
4.06
4.81
4.45
4.38
4.12
4.62
4.78
4.90
5.13
4.91
4.96
5.05
4.04
4.05
4.03
4.06
4.05
4.04
4.02
4.06
4.06
4.07
4.04
4.07
4.03
4.04
4.05
4.06
4.03
4.03
4.02
4.02
4.04
4.06
4.03
4.04
4.03
4.13
4.05
4.03
4.03
4.05
4.04
4.04
4.03
4.04
4.07
4.06
4.06
4.06
4.03
4.05
4.05
4.05
4.06
4.04
4.05
4.11
4.05
4.00
3.27
3.46
3.39
3.97
4.01
4.04
4.01
3.66
3.85
3.88
2.54
3.69
3.90
4.05
4.04
4.05
3.86
3.70
4.02
3.00
2.58
4.04
4.06
4.03
2.61
3.06
3.63
2.93
3.68
2.79
2.94
2.74
4.02
4.03
4.04
3.35
3.45
3.52
4.03
4.04
4.04
4.04
4.15
4.06
4.03
3.95
3.19
4.05
4.03
3.97
3.53
3.76
4.02
4.03
4.00
3.74
3.50
4.05
3.75
4.04
4.03
3.51
3.26
3.42
2.76
3.74
4.01
4.03
4.03
4.02
4.04
4.04
4.05
4.03
4.01
4.03
4.04
4.03
4.04
4.12
3.95
3.25
4.05
4.03
4.06
4.03
4.02
4.04
4.03
4.03
4.02
4.03
4.03
4.05
4.03
4.01
4.02
4.03
3.99
4.03
4.01
4.02
4.10
4.03
4.03
4.01
4.03
2.97
2.30
4.03
4.01
4.02
4.03
2.87
3.11
3.34
3.59
3.97
4.03
4.00
4.03
4.02
4.05
4.05
4.04
4.16
4.03
4.03
4.05
4.04
2.64
3.14
4.05
4.05
4.04
4.04
4.04
4.06
4.05
4.14
4.06
4.03
4.06
4.07
4.07
4.09
4.05
4.04
4.11
4.08
4.07
4.06
4.07
4.06
4.05
4.05
4.06
4.06
4.07
4.07
3.82
3.52
2.51
3.83
3.94
4.01
4.04
4.04
4.03
4.03
4.04
4.02
4.03
4.05
4.01
4.04
4.01
4.09
4.06
4.04
4.03
3.80
3.74
4.03
3.39
3.42
2.76
4.03
3.37
3.46
3.20
2.76
3.63
3.98
4.00
4.05
4.05
4.03
3.97
4.10
4.02
4.03
4.04
4.03
4.03
2.15
3.11
3.37
4.04
2.33
3.34
3.92
4.05
3.81
2.99
4.04
2.46
3.23
2.87
4.01
4.02
4.01
4.12
4.03
4.03
2.95
3.56
4.01
4.04
4.05
4.04
4.03
3.39
2.92
2.56
4.02
3.45
2.93
3.54
3.99
4.01
4.03
4.04
4.02
4.04
4.13
4.05
2.97
3.96
4.03
3.11
4.03
3.70
3.99
4.03
3.82
4.10
4.04
4.03
4.12
4.22
4.04
4.03
4.02
3.20
3.56
2.21
3.73
3.29
2.87
3.64
4.02
3.94
3.38
3.57
3.62
4.03
2.47
3.85
4.02
4.03
4.02
4.11
4.05
4.01
4.04
4.05
4.05
4.03
4.05
2.50
4.03
4.00
4.01
2.84
3.91
4.01
4.01
4.02
3.99
4.02
4.02
4.02
4.02
4.02
4.39
3.98
4.00
4.01
4.03
4.02
4.01
4.01
4.01
2.52
3.85
3.46
3.58
4.00
1.73
4.02
3.98
4.02
4.04
4.06
4.02
4.04
4.02
3.99
4.03
4.03
4.03
4.04
4.02
4.01
3.99
4.03
4.04
4.04
4.08
4.01
4.01
4.14
4.01
4.03
4.02
4.03
4.04
4.04
4.04
4.03
4.00
4.05
4.06
4.05
4.03
4.03
4.02
4.04
4.05
3.90
4.02
3.70
2.67
4.48
4.06
4.01
4.03
4.04
3.99
4.04
4.06
4.03
4.02
4.09
4.04
4.02
4.02
4.03
4.07
4.05
4.03
4.00
4.01
4.02
4.00
4.02
3.85
3.19
3.49
3.98
4.01
4.03
3.64
3.60
4.02
4.01
4.02
3.98
4.00
4.02
4.02
4.20
4.05
4.03
4.03
4.00
3.98
4.01
4.01
4.01
4.02
4.04
4.02
4.04
4.04
4.03
4.03
4.04
4.03
4.03
4.02
4.01
4.02
4.01
4.26
4.01
4.02
4.02
4.04
3.99
4.02
4.02
4.03
4.01
4.03
4.00
4.02
3.89
3.80
3.31
3.49
4.01
4.02
4.01
4.02
3.52
3.73
3.93
4.06
4.00
4.03
2.63
3.07
3.26
3.21
3.34
3.99
4.01
4.01
4.02
4.01
3.94
4.01
4.02
4.02
4.01
4.01
4.04
4.01
4.04
4.01
4.00
4.01
4.02
4.01
4.00
3.99
3.99
4.02
4.02
4.05
4.00
4.01
4.00
3.93
4.01
4.01
4.02
3.97
3.99
3.99
4.01
4.00
4.01
4.00
4.00
4.01
4.02
4.03
4.05
4.03
3.98
4.02
4.02
4.04
4.01
4.01
4.00
4.04
4.02
4.03
4.17
4.02
4.03
4.49
2.66
