CorWatt
0.95
2.60
0.91
0.85
0.85
0.86
0.85
0.86
1.10
2.88
3.60
3.58
3.56
3.57
3.57
3.58
3.58
3.57
3.62
3.58
3.56
3.58
3.57
3.56
3.56
3.56
3.58
3.55
3.56
3.56
3.55
3.59
3.58
3.57
3.48
3.56
3.58
3.58
3.38
3.33
3.59
3.58
3.57
3.59
3.59
3.62
3.60
3.59
3.60
3.59
3.60
3.61
3.67
3.57
3.59
3.62
3.52
3.61
3.62
3.60
2.45
3.01
2.22
3.51
3.61
3.62
3.61
3.61
3.61
3.61
3.40
3.37
3.27
3.63
3.64
3.45
3.63
2.40
3.52
2.85
2.92
3.62
3.24
3.29
3.29
2.19
3.60
3.57
3.19
2.94
3.13
3.61
3.62
3.62
3.62
3.61
3.61
3.59
3.61
3.61
3.59
3.60
3.60
3.60
3.62
3.60
3.61
3.60
3.61
3.62
3.60
3.61
3.64
3.66
3.64
3.65
3.62
3.64
3.62
3.60
3.63
3.63
3.65
3.60
3.61
3.61
3.63
3.63
3.63
3.65
3.65
3.67
3.67
3.65
3.65
3.63
3.64
3.62
3.53
2.11
3.64
3.62
3.64
3.64
3.65
3.63
3.64
3.65
3.66
3.52
3.63
3.63
3.66
3.65
3.64
3.61
3.65
3.23
2.96
1.48
2.29
3.61
2.57
3.60
3.41
3.63
3.60
3.58
2.50
3.61
3.28
2.87
3.69
2.98
3.64
3.62
3.63
3.19
2.75
3.61
3.63
3.64
3.67
3.53
3.62
3.23
3.06
3.54
2.24
2.79
3.61
3.63
3.62
3.63
3.64
3.64
3.63
3.62
3.65
3.65
3.65
3.64
3.65
3.64
3.64
3.63
3.67
3.63
3.67
3.65
3.66
3.66
3.65
3.66
3.68
3.68
3.67
3.67
3.68
3.69
3.71
3.70
3.70
3.71
3.67
3.66
3.68
3.67
3.68
3.68
3.69
3.62
3.70
3.71
3.67
3.66
3.68
3.69
3.66
3.66
3.64
3.67
3.70
3.68
3.68
3.69
3.67
3.67
3.67
3.71
3.71
3.67
3.68
3.68
3.68
3.66
3.66
3.66
3.64
3.66
3.66
3.64
3.64
3.64
3.65
3.66
3.67
3.66
3.69
3.67
3.66
3.65
3.66
3.66
3.65
3.65
3.69
3.67
3.67
3.65
3.65
3.65
3.66
3.67
3.68
3.69
3.67
3.68
3.65
3.67
3.68
3.68
3.41
2.62
2.18
2.59
2.58
3.65
3.65
3.66
3.67
3.66
3.06
3.66
3.64
3.64
2.98
3.55
3.20
3.29
3.17
3.62
3.21
3.63
3.55
3.63
3.62
3.61
3.63
3.04
1.17
3.13
2.86
2.17
3.40
3.30
2.15
3.63
3.63
3.64
3.61
3.62
3.62
3.60
3.43
2.94
3.00
2.81
3.59
3.61
3.27
2.68
3.07
3.46
3.64
3.69
3.62
3.62
3.64
3.82
3.67
3.60
3.67
3.63
3.31
3.62
2.83
3.02
3.50
3.42
3.62
3.65
3.68
3.64
3.32
3.64
3.66
3.53
3.15
3.06
2.17
3.63
3.64
3.65
3.64
3.65
3.67
3.66
3.66
3.64
3.66
3.66
3.68
3.68
3.67
3.66
3.68
3.67
3.66
3.67
3.65
3.67
3.68
3.65
3.65
3.63
3.65
3.63
3.64
3.64
3.65
3.66
3.65
3.64
3.64
3.63
3.03
3.45
2.42
2.53
3.21
3.62
3.69
3.67
3.65
3.66
3.65
3.68
3.68
3.67
3.64
3.73
3.67
3.66
3.67
3.65
3.66
3.64
3.64
3.66
3.65
3.66
3.66
3.64
3.65
3.67
3.67
3.67
3.68
3.67
3.67
2.67
2.65
1.97
3.22
3.66
3.65
3.29
3.01
3.64
3.63
3.66
3.65
2.97
3.31
3.67
3.68
1.93
3.43
3.67
3.53
3.67
3.66
3.66
3.42
3.66
2.70
3.21
3.63
3.65
3.20
3.66
3.66
3.64
3.64
3.65
3.66
3.67
3.67
3.64
3.66
3.66
3.69
3.67
3.66
3.03
2.09
3.27
3.03
2.55
3.28
3.64
3.64
3.64
3.66
3.65
3.64
3.66
3.61
2.83
2.63
3.10
3.65
3.64
3.61
3.66
3.61
3.63
3.64
3.65
3.65
3.64
3.64
3.65
3.65
3.66
3.66
3.64
3.66
3.65
3.64
3.65
3.67
3.64
3.64
3.64
3.63
3.62
3.62
3.62
3.62
3.66
3.68
3.64
3.64
3.62
3.62
3.62
3.64
3.64
3.63
3.64
3.69
3.64
3.64
3.64
3.64
3.66
3.66
3.63
3.63
3.66
3.67
3.62
3.63
3.64
3.63
3.63
3.63
3.36
2.63
2.85
2.87
3.66
3.67
3.37
3.65
3.67
3.32
3.65
2.98
3.18
3.66
3.55
3.68
3.66
3.67
1.85
3.39
3.66
3.68
3.64
3.65
3.62
3.66
3.64
3.65
3.66
3.65
3.65
3.60
3.62
3.69
2.75
2.49
2.25
3.63
3.63
3.61
3.63
3.65
3.64
3.66
3.63
3.62
3.62
3.63
3.63
3.81
3.65
3.64
4.79
1.73
